Compiling the C compiler identification source file "CMakeCCompilerId.c" failed.
Compiler:  
Build flags: 
Id flags:  

The output was:
65
Command line invocation:
    /Applications/Xcode.app/Contents/Developer/usr/bin/xcodebuild

User defaults from command line:
    IDEPackageSupportUseBuiltinSCM = YES

ComputeTargetDependencyGraph
warning: Building targets in manual order is deprecated - check "Parallelize build for command-line builds" in the project editor, or set DISABLE_MANUAL_TARGET_ORDER_BUILD_WARNING in any of the targets in the current build to suppress this warning
note: Target dependency graph (1 target)
    Target 'CompilerIdC' in project 'CompilerIdC' (no dependencies)

GatherProvisioningInputs

CreateBuildDescription
Build description signature: efaf52cc6bd46732b17d8f0e5d9da6fb
Build description path: /Users/elestorm/Desktop/lzy/lzycpp/lzycpp/mac-build/CMakeFiles/3.21.4/CompilerIdC/./XCBuildData/efaf52cc6bd46732b17d8f0e5d9da6fb.xcbuilddata

error: An empty identity is not valid when signing a binary for the product type 'Command-line Tool'. (in target 'CompilerIdC' from project 'CompilerIdC')
warning: Traditional headermap style is no longer supported; please migrate to using separate headermaps and set 'ALWAYS_SEARCH_USER_PATHS' to NO. (in target 'CompilerIdC' from project 'CompilerIdC')
warning: Run script build phase 'Run Script' will be run during every build because it does not specify any outputs. To address this warning, either add output dependencies to the script phase, or configure it to run in every build by unchecking "Based on dependency analysis" in the script phase. (in target 'CompilerIdC' from project 'CompilerIdC')
** BUILD FAILED **



Compiling the C compiler identification source file "CMakeCCompilerId.c" failed.
Compiler:  
Build flags: 
Id flags:  

The output was:
65
Command line invocation:
    /Applications/Xcode.app/Contents/Developer/usr/bin/xcodebuild

User defaults from command line:
    IDEPackageSupportUseBuiltinSCM = YES

ComputeTargetDependencyGraph
warning: Building targets in manual order is deprecated - check "Parallelize build for command-line builds" in the project editor, or set DISABLE_MANUAL_TARGET_ORDER_BUILD_WARNING in any of the targets in the current build to suppress this warning
note: Target dependency graph (1 target)
    Target 'CompilerIdC' in project 'CompilerIdC' (no dependencies)

GatherProvisioningInputs

CreateBuildDescription
Build description signature: 5fa4a2c6edbe11ebd01cdcbf675dea15
Build description path: /Users/elestorm/Desktop/lzy/lzycpp/lzycpp/mac-build/CMakeFiles/3.21.4/CompilerIdC/./XCBuildData/5fa4a2c6edbe11ebd01cdcbf675dea15.xcbuilddata

error: An empty identity is not valid when signing a binary for the product type 'Command-line Tool'. (in target 'CompilerIdC' from project 'CompilerIdC')
warning: Traditional headermap style is no longer supported; please migrate to using separate headermaps and set 'ALWAYS_SEARCH_USER_PATHS' to NO. (in target 'CompilerIdC' from project 'CompilerIdC')
warning: Run script build phase 'Run Script' will be run during every build because it does not specify any outputs. To address this warning, either add output dependencies to the script phase, or configure it to run in every build by unchecking "Based on dependency analysis" in the script phase. (in target 'CompilerIdC' from project 'CompilerIdC')
** BUILD FAILED **



Compiling the CXX compiler identification source file "CMakeCXXCompilerId.cpp" failed.
Compiler:  
Build flags: 
Id flags:  

The output was:
65
Command line invocation:
    /Applications/Xcode.app/Contents/Developer/usr/bin/xcodebuild

User defaults from command line:
    IDEPackageSupportUseBuiltinSCM = YES

ComputeTargetDependencyGraph
warning: Building targets in manual order is deprecated - check "Parallelize build for command-line builds" in the project editor, or set DISABLE_MANUAL_TARGET_ORDER_BUILD_WARNING in any of the targets in the current build to suppress this warning
note: Target dependency graph (1 target)
    Target 'CompilerIdCXX' in project 'CompilerIdCXX' (no dependencies)

GatherProvisioningInputs

CreateBuildDescription
Build description signature: e4fe1fc3a185aed57f7464b3af5e6daa
Build description path: /Users/elestorm/Desktop/lzy/lzycpp/lzycpp/mac-build/CMakeFiles/3.21.4/CompilerIdCXX/./XCBuildData/e4fe1fc3a185aed57f7464b3af5e6daa.xcbuilddata

error: An empty identity is not valid when signing a binary for the product type 'Command-line Tool'. (in target 'CompilerIdCXX' from project 'CompilerIdCXX')
warning: Traditional headermap style is no longer supported; please migrate to using separate headermaps and set 'ALWAYS_SEARCH_USER_PATHS' to NO. (in target 'CompilerIdCXX' from project 'CompilerIdCXX')
warning: Run script build phase 'Run Script' will be run during every build because it does not specify any outputs. To address this warning, either add output dependencies to the script phase, or configure it to run in every build by unchecking "Based on dependency analysis" in the script phase. (in target 'CompilerIdCXX' from project 'CompilerIdCXX')
** BUILD FAILED **



Compiling the CXX compiler identification source file "CMakeCXXCompilerId.cpp" failed.
Compiler:  
Build flags: 
Id flags:  

The output was:
65
Command line invocation:
    /Applications/Xcode.app/Contents/Developer/usr/bin/xcodebuild

User defaults from command line:
    IDEPackageSupportUseBuiltinSCM = YES

ComputeTargetDependencyGraph
warning: Building targets in manual order is deprecated - check "Parallelize build for command-line builds" in the project editor, or set DISABLE_MANUAL_TARGET_ORDER_BUILD_WARNING in any of the targets in the current build to suppress this warning
note: Target dependency graph (1 target)
    Target 'CompilerIdCXX' in project 'CompilerIdCXX' (no dependencies)

GatherProvisioningInputs

CreateBuildDescription
Build description signature: 77295568d768954e7becf806889dfda8
Build description path: /Users/elestorm/Desktop/lzy/lzycpp/lzycpp/mac-build/CMakeFiles/3.21.4/CompilerIdCXX/./XCBuildData/77295568d768954e7becf806889dfda8.xcbuilddata

error: An empty identity is not valid when signing a binary for the product type 'Command-line Tool'. (in target 'CompilerIdCXX' from project 'CompilerIdCXX')
warning: Traditional headermap style is no longer supported; please migrate to using separate headermaps and set 'ALWAYS_SEARCH_USER_PATHS' to NO. (in target 'CompilerIdCXX' from project 'CompilerIdCXX')
warning: Run script build phase 'Run Script' will be run during every build because it does not specify any outputs. To address this warning, either add output dependencies to the script phase, or configure it to run in every build by unchecking "Based on dependency analysis" in the script phase. (in target 'CompilerIdCXX' from project 'CompilerIdCXX')
** BUILD FAILED **



Compiling the C compiler identification source file "CMakeCCompilerId.c" failed.
Compiler:  
Build flags: 
Id flags:  

The output was:
65
Command line invocation:
    /Applications/Xcode.app/Contents/Developer/usr/bin/xcodebuild

User defaults from command line:
    IDEPackageSupportUseBuiltinSCM = YES

ComputeTargetDependencyGraph
warning: Building targets in manual order is deprecated - check "Parallelize build for command-line builds" in the project editor, or set DISABLE_MANUAL_TARGET_ORDER_BUILD_WARNING in any of the targets in the current build to suppress this warning
note: Target dependency graph (1 target)
    Target 'CompilerIdC' in project 'CompilerIdC' (no dependencies)

GatherProvisioningInputs

CreateBuildDescription
Build description signature: ee7902914d5a52d4afeb4d4c101db4e3
Build description path: /Users/elestorm/Desktop/lzy/lzycpp/lzycpp/mac-build/CMakeFiles/3.21.4/CompilerIdC/./XCBuildData/ee7902914d5a52d4afeb4d4c101db4e3.xcbuilddata

error: An empty identity is not valid when signing a binary for the product type 'Command-line Tool'. (in target 'CompilerIdC' from project 'CompilerIdC')
warning: Traditional headermap style is no longer supported; please migrate to using separate headermaps and set 'ALWAYS_SEARCH_USER_PATHS' to NO. (in target 'CompilerIdC' from project 'CompilerIdC')
warning: Run script build phase 'Run Script' will be run during every build because it does not specify any outputs. To address this warning, either add output dependencies to the script phase, or configure it to run in every build by unchecking "Based on dependency analysis" in the script phase. (in target 'CompilerIdC' from project 'CompilerIdC')
** BUILD FAILED **



Compiling the C compiler identification source file "CMakeCCompilerId.c" failed.
Compiler:  
Build flags: 
Id flags:  

The output was:
65
Command line invocation:
    /Applications/Xcode.app/Contents/Developer/usr/bin/xcodebuild

User defaults from command line:
    IDEPackageSupportUseBuiltinSCM = YES

ComputeTargetDependencyGraph
warning: Building targets in manual order is deprecated - check "Parallelize build for command-line builds" in the project editor, or set DISABLE_MANUAL_TARGET_ORDER_BUILD_WARNING in any of the targets in the current build to suppress this warning
note: Target dependency graph (1 target)
    Target 'CompilerIdC' in project 'CompilerIdC' (no dependencies)

GatherProvisioningInputs

CreateBuildDescription
Build description signature: f19c8bd2f1e7a2bc7dd8eb8e7ec346a7
Build description path: /Users/elestorm/Desktop/lzy/lzycpp/lzycpp/mac-build/CMakeFiles/3.21.4/CompilerIdC/./XCBuildData/f19c8bd2f1e7a2bc7dd8eb8e7ec346a7.xcbuilddata

error: An empty identity is not valid when signing a binary for the product type 'Command-line Tool'. (in target 'CompilerIdC' from project 'CompilerIdC')
warning: Traditional headermap style is no longer supported; please migrate to using separate headermaps and set 'ALWAYS_SEARCH_USER_PATHS' to NO. (in target 'CompilerIdC' from project 'CompilerIdC')
warning: Run script build phase 'Run Script' will be run during every build because it does not specify any outputs. To address this warning, either add output dependencies to the script phase, or configure it to run in every build by unchecking "Based on dependency analysis" in the script phase. (in target 'CompilerIdC' from project 'CompilerIdC')
** BUILD FAILED **



Compiling the CXX compiler identification source file "CMakeCXXCompilerId.cpp" failed.
Compiler:  
Build flags: 
Id flags:  

The output was:
65
Command line invocation:
    /Applications/Xcode.app/Contents/Developer/usr/bin/xcodebuild

User defaults from command line:
    IDEPackageSupportUseBuiltinSCM = YES

ComputeTargetDependencyGraph
warning: Building targets in manual order is deprecated - check "Parallelize build for command-line builds" in the project editor, or set DISABLE_MANUAL_TARGET_ORDER_BUILD_WARNING in any of the targets in the current build to suppress this warning
note: Target dependency graph (1 target)
    Target 'CompilerIdCXX' in project 'CompilerIdCXX' (no dependencies)

GatherProvisioningInputs

CreateBuildDescription
Build description signature: 5e5a4eb16e24d18c4ed2bcc3d92f7d0c
Build description path: /Users/elestorm/Desktop/lzy/lzycpp/lzycpp/mac-build/CMakeFiles/3.21.4/CompilerIdCXX/./XCBuildData/5e5a4eb16e24d18c4ed2bcc3d92f7d0c.xcbuilddata

error: An empty identity is not valid when signing a binary for the product type 'Command-line Tool'. (in target 'CompilerIdCXX' from project 'CompilerIdCXX')
warning: Traditional headermap style is no longer supported; please migrate to using separate headermaps and set 'ALWAYS_SEARCH_USER_PATHS' to NO. (in target 'CompilerIdCXX' from project 'CompilerIdCXX')
warning: Run script build phase 'Run Script' will be run during every build because it does not specify any outputs. To address this warning, either add output dependencies to the script phase, or configure it to run in every build by unchecking "Based on dependency analysis" in the script phase. (in target 'CompilerIdCXX' from project 'CompilerIdCXX')
** BUILD FAILED **



Compiling the CXX compiler identification source file "CMakeCXXCompilerId.cpp" failed.
Compiler:  
Build flags: 
Id flags:  

The output was:
65
Command line invocation:
    /Applications/Xcode.app/Contents/Developer/usr/bin/xcodebuild

User defaults from command line:
    IDEPackageSupportUseBuiltinSCM = YES

ComputeTargetDependencyGraph
warning: Building targets in manual order is deprecated - check "Parallelize build for command-line builds" in the project editor, or set DISABLE_MANUAL_TARGET_ORDER_BUILD_WARNING in any of the targets in the current build to suppress this warning
note: Target dependency graph (1 target)
    Target 'CompilerIdCXX' in project 'CompilerIdCXX' (no dependencies)

GatherProvisioningInputs

CreateBuildDescription
Build description signature: da5b3866301a15fce7e4c12620b28cc4
Build description path: /Users/elestorm/Desktop/lzy/lzycpp/lzycpp/mac-build/CMakeFiles/3.21.4/CompilerIdCXX/./XCBuildData/da5b3866301a15fce7e4c12620b28cc4.xcbuilddata

error: An empty identity is not valid when signing a binary for the product type 'Command-line Tool'. (in target 'CompilerIdCXX' from project 'CompilerIdCXX')
warning: Traditional headermap style is no longer supported; please migrate to using separate headermaps and set 'ALWAYS_SEARCH_USER_PATHS' to NO. (in target 'CompilerIdCXX' from project 'CompilerIdCXX')
warning: Run script build phase 'Run Script' will be run during every build because it does not specify any outputs. To address this warning, either add output dependencies to the script phase, or configure it to run in every build by unchecking "Based on dependency analysis" in the script phase. (in target 'CompilerIdCXX' from project 'CompilerIdCXX')
** BUILD FAILED **



Compiling the C compiler identification source file "CMakeCCompilerId.c" failed.
Compiler: /usr/bin/gcc 
Build flags: 
Id flags:  

The output was:
65
Command line invocation:
    /Applications/Xcode.app/Contents/Developer/usr/bin/xcodebuild

User defaults from command line:
    IDEPackageSupportUseBuiltinSCM = YES

ComputeTargetDependencyGraph
warning: Building targets in manual order is deprecated - check "Parallelize build for command-line builds" in the project editor, or set DISABLE_MANUAL_TARGET_ORDER_BUILD_WARNING in any of the targets in the current build to suppress this warning
note: Target dependency graph (1 target)
    Target 'CompilerIdC' in project 'CompilerIdC' (no dependencies)

GatherProvisioningInputs

CreateBuildDescription
Build description signature: a2880501a8a5615abbbce178f1d15827
Build description path: /Users/elestorm/Desktop/lzy/lzycpp/lzycpp/mac-build/CMakeFiles/3.21.4/CompilerIdC/./XCBuildData/a2880501a8a5615abbbce178f1d15827.xcbuilddata

error: An empty identity is not valid when signing a binary for the product type 'Command-line Tool'. (in target 'CompilerIdC' from project 'CompilerIdC')
warning: Traditional headermap style is no longer supported; please migrate to using separate headermaps and set 'ALWAYS_SEARCH_USER_PATHS' to NO. (in target 'CompilerIdC' from project 'CompilerIdC')
warning: Run script build phase 'Run Script' will be run during every build because it does not specify any outputs. To address this warning, either add output dependencies to the script phase, or configure it to run in every build by unchecking "Based on dependency analysis" in the script phase. (in target 'CompilerIdC' from project 'CompilerIdC')
** BUILD FAILED **



Compiling the C compiler identification source file "CMakeCCompilerId.c" failed.
Compiler: /usr/bin/gcc 
Build flags: 
Id flags:  

The output was:
65
Command line invocation:
    /Applications/Xcode.app/Contents/Developer/usr/bin/xcodebuild

User defaults from command line:
    IDEPackageSupportUseBuiltinSCM = YES

ComputeTargetDependencyGraph
warning: Building targets in manual order is deprecated - check "Parallelize build for command-line builds" in the project editor, or set DISABLE_MANUAL_TARGET_ORDER_BUILD_WARNING in any of the targets in the current build to suppress this warning
note: Target dependency graph (1 target)
    Target 'CompilerIdC' in project 'CompilerIdC' (no dependencies)

GatherProvisioningInputs

CreateBuildDescription
Build description signature: e60ac2e85660bc6bd3509f991cadb23f
Build description path: /Users/elestorm/Desktop/lzy/lzycpp/lzycpp/mac-build/CMakeFiles/3.21.4/CompilerIdC/./XCBuildData/e60ac2e85660bc6bd3509f991cadb23f.xcbuilddata

error: An empty identity is not valid when signing a binary for the product type 'Command-line Tool'. (in target 'CompilerIdC' from project 'CompilerIdC')
warning: Traditional headermap style is no longer supported; please migrate to using separate headermaps and set 'ALWAYS_SEARCH_USER_PATHS' to NO. (in target 'CompilerIdC' from project 'CompilerIdC')
warning: Run script build phase 'Run Script' will be run during every build because it does not specify any outputs. To address this warning, either add output dependencies to the script phase, or configure it to run in every build by unchecking "Based on dependency analysis" in the script phase. (in target 'CompilerIdC' from project 'CompilerIdC')
** BUILD FAILED **



Checking whether the C compiler is IAR using "" did not match "IAR .+ Compiler":
clang: error: no input files
Checking whether the C compiler is IAR using "" did not match "IAR .+ Compiler":
clang: error: no input files
Compiling the CXX compiler identification source file "CMakeCXXCompilerId.cpp" failed.
Compiler: /usr/bin/g++ 
Build flags: 
Id flags:  

The output was:
65
Command line invocation:
    /Applications/Xcode.app/Contents/Developer/usr/bin/xcodebuild

User defaults from command line:
    IDEPackageSupportUseBuiltinSCM = YES

ComputeTargetDependencyGraph
warning: Building targets in manual order is deprecated - check "Parallelize build for command-line builds" in the project editor, or set DISABLE_MANUAL_TARGET_ORDER_BUILD_WARNING in any of the targets in the current build to suppress this warning
note: Target dependency graph (1 target)
    Target 'CompilerIdCXX' in project 'CompilerIdCXX' (no dependencies)

GatherProvisioningInputs

CreateBuildDescription
Build description signature: eadb199a8c6c4fc94cfdbe77de90f708
Build description path: /Users/elestorm/Desktop/lzy/lzycpp/lzycpp/mac-build/CMakeFiles/3.21.4/CompilerIdCXX/./XCBuildData/eadb199a8c6c4fc94cfdbe77de90f708.xcbuilddata

error: An empty identity is not valid when signing a binary for the product type 'Command-line Tool'. (in target 'CompilerIdCXX' from project 'CompilerIdCXX')
warning: Traditional headermap style is no longer supported; please migrate to using separate headermaps and set 'ALWAYS_SEARCH_USER_PATHS' to NO. (in target 'CompilerIdCXX' from project 'CompilerIdCXX')
warning: Run script build phase 'Run Script' will be run during every build because it does not specify any outputs. To address this warning, either add output dependencies to the script phase, or configure it to run in every build by unchecking "Based on dependency analysis" in the script phase. (in target 'CompilerIdCXX' from project 'CompilerIdCXX')
** BUILD FAILED **



Compiling the CXX compiler identification source file "CMakeCXXCompilerId.cpp" failed.
Compiler: /usr/bin/g++ 
Build flags: 
Id flags:  

The output was:
65
Command line invocation:
    /Applications/Xcode.app/Contents/Developer/usr/bin/xcodebuild

User defaults from command line:
    IDEPackageSupportUseBuiltinSCM = YES

ComputeTargetDependencyGraph
warning: Building targets in manual order is deprecated - check "Parallelize build for command-line builds" in the project editor, or set DISABLE_MANUAL_TARGET_ORDER_BUILD_WARNING in any of the targets in the current build to suppress this warning
note: Target dependency graph (1 target)
    Target 'CompilerIdCXX' in project 'CompilerIdCXX' (no dependencies)

GatherProvisioningInputs

CreateBuildDescription
Build description signature: bb8a2d83f6b08f7cf99ba7a12adcc072
Build description path: /Users/elestorm/Desktop/lzy/lzycpp/lzycpp/mac-build/CMakeFiles/3.21.4/CompilerIdCXX/./XCBuildData/bb8a2d83f6b08f7cf99ba7a12adcc072.xcbuilddata

error: An empty identity is not valid when signing a binary for the product type 'Command-line Tool'. (in target 'CompilerIdCXX' from project 'CompilerIdCXX')
warning: Traditional headermap style is no longer supported; please migrate to using separate headermaps and set 'ALWAYS_SEARCH_USER_PATHS' to NO. (in target 'CompilerIdCXX' from project 'CompilerIdCXX')
warning: Run script build phase 'Run Script' will be run during every build because it does not specify any outputs. To address this warning, either add output dependencies to the script phase, or configure it to run in every build by unchecking "Based on dependency analysis" in the script phase. (in target 'CompilerIdCXX' from project 'CompilerIdCXX')
** BUILD FAILED **



Checking whether the CXX compiler is IAR using "" did not match "IAR .+ Compiler":
clang: error: no input files
Checking whether the CXX compiler is IAR using "" did not match "IAR .+ Compiler":
clang: error: no input files
