The system is: Darwin - 23.4.0 - x86_64
Detecting C compiler ABI info compiled with the following output:
Change Dir: /Users/elestorm/Desktop/lzy/lzycpp/lzycpp/mac-build/CMakeFiles/CMakeTmp

Run Build Command(s):/usr/bin/xcodebuild -project CMAKE_TRY_COMPILE.xcodeproj build -target cmTC_61247 -parallelizeTargets -configuration Debug -hideShellScriptEnvironment && Command line invocation:
    /Applications/Xcode.app/Contents/Developer/usr/bin/xcodebuild -project CMAKE_TRY_COMPILE.xcodeproj build -target cmTC_61247 -parallelizeTargets -configuration Debug -hideShellScriptEnvironment

User defaults from command line:
    HideShellScriptEnvironment = YES
    IDEPackageSupportUseBuiltinSCM = YES

ComputeTargetDependencyGraph
note: Building targets in dependency order
note: Target dependency graph (1 target)
    Target 'cmTC_61247' in project 'CMAKE_TRY_COMPILE' (no dependencies)

GatherProvisioningInputs

CreateBuildDescription
Build description signature: 8e0c7365f2a1d673bf59babee4322360
Build description path: /Users/elestorm/Desktop/lzy/lzycpp/lzycpp/mac-build/CMakeFiles/CMakeTmp/build/XCBuildData/8e0c7365f2a1d673bf59babee4322360.xcbuilddata

CreateBuildDirectory /Users/elestorm/Desktop/lzy/lzycpp/lzycpp/mac-build/CMakeFiles/CMakeTmp
    cd /Users/elestorm/Desktop/lzy/lzycpp/lzycpp/mac-build/CMakeFiles/CMakeTmp/CMAKE_TRY_COMPILE.xcodeproj
    builtin-create-build-directory /Users/elestorm/Desktop/lzy/lzycpp/lzycpp/mac-build/CMakeFiles/CMakeTmp

CreateBuildDirectory /Users/elestorm/Desktop/lzy/lzycpp/lzycpp/mac-build/CMakeFiles/CMakeTmp/Debug
    cd /Users/elestorm/Desktop/lzy/lzycpp/lzycpp/mac-build/CMakeFiles/CMakeTmp/CMAKE_TRY_COMPILE.xcodeproj
    builtin-create-build-directory /Users/elestorm/Desktop/lzy/lzycpp/lzycpp/mac-build/CMakeFiles/CMakeTmp/Debug

CreateBuildDirectory /Users/elestorm/Desktop/lzy/lzycpp/lzycpp/mac-build/CMakeFiles/CMakeTmp/EagerLinkingTBDs/Debug
    cd /Users/elestorm/Desktop/lzy/lzycpp/lzycpp/mac-build/CMakeFiles/CMakeTmp/CMAKE_TRY_COMPILE.xcodeproj
    builtin-create-build-directory /Users/elestorm/Desktop/lzy/lzycpp/lzycpp/mac-build/CMakeFiles/CMakeTmp/EagerLinkingTBDs/Debug

CompileC /Users/elestorm/Desktop/lzy/lzycpp/lzycpp/mac-build/CMakeFiles/CMakeTmp/CMAKE_TRY_COMPILE.build/Debug/cmTC_61247.build/Objects-normal/x86_64/CMakeCCompilerABI.o /Applications/CMake.app/Contents/share/cmake-3.21/Modules/CMakeCCompilerABI.c normal x86_64 c com.apple.compilers.llvm.clang.1_0.compiler (in target 'cmTC_61247' from project 'CMAKE_TRY_COMPILE')
    cd /Users/elestorm/Desktop/lzy/lzycpp/lzycpp/mac-build/CMakeFiles/CMakeTmp
    /usr/bin/gcc -x c -target x86_64-apple-macos14.2 -fmessage-length\=0 -fdiagnostics-show-note-include-stack -fmacro-backtrace-limit\=0 -fno-color-diagnostics -Wno-trigraphs -fpascal-strings -O0 -Wno-missing-field-initializers -Wno-missing-prototypes -Wno-return-type -Wno-missing-braces -Wparentheses -Wswitch -Wno-unused-function -Wno-unused-label -Wno-unused-parameter -Wno-unused-variable -Wunused-value -Wno-empty-body -Wno-uninitialized -Wno-unknown-pragmas -Wno-shadow -Wno-four-char-constants -Wno-conversion -Wno-constant-conversion -Wno-int-conversion -Wno-bool-conversion -Wno-enum-conversion -Wno-float-conversion -Wno-non-literal-null-conversion -Wno-objc-literal-conversion -Wshorten-64-to-32 -Wpointer-sign -Wno-newline-eof -Wno-implicit-fallthrough -DCMAKE_INTDIR\=\"Debug\" -isysroot /Applications/Xcode.app/Contents/Developer/Platforms/MacOSX.platform/Developer/SDKs/MacOSX14.2.sdk -fasm-blocks -fstrict-aliasing -Wdeprecated-declarations -Wno-sign-conversion -Wno-infinite-recursion -Wno-comma -Wno-block-capture-autoreleasing -Wno-strict-prototypes -Wno-semicolon-before-method-body -I/Users/elestorm/Desktop/lzy/lzycpp/lzycpp/mac-build/CMakeFiles/CMakeTmp/Debug/include -I/Users/elestorm/Desktop/lzy/lzycpp/lzycpp/mac-build/CMakeFiles/CMakeTmp/CMAKE_TRY_COMPILE.build/Debug/cmTC_61247.build/DerivedSources-normal/x86_64 -I/Users/elestorm/Desktop/lzy/lzycpp/lzycpp/mac-build/CMakeFiles/CMakeTmp/CMAKE_TRY_COMPILE.build/Debug/cmTC_61247.build/DerivedSources/x86_64 -I/Users/elestorm/Desktop/lzy/lzycpp/lzycpp/mac-build/CMakeFiles/CMakeTmp/CMAKE_TRY_COMPILE.build/Debug/cmTC_61247.build/DerivedSources -F/Users/elestorm/Desktop/lzy/lzycpp/lzycpp/mac-build/CMakeFiles/CMakeTmp/Debug -MMD -MT dependencies -MF /Users/elestorm/Desktop/lzy/lzycpp/lzycpp/mac-build/CMakeFiles/CMakeTmp/CMAKE_TRY_COMPILE.build/Debug/cmTC_61247.build/Objects-normal/x86_64/CMakeCCompilerABI.d --serialize-diagnostics /Users/elestorm/Desktop/lzy/lzycpp/lzycpp/mac-build/CMakeFiles/CMakeTmp/CMAKE_TRY_COMPILE.build/Debug/cmTC_61247.build/Objects-normal/x86_64/CMakeCCompilerABI.dia -c /Applications/CMake.app/Contents/share/cmake-3.21/Modules/CMakeCCompilerABI.c -o /Users/elestorm/Desktop/lzy/lzycpp/lzycpp/mac-build/CMakeFiles/CMakeTmp/CMAKE_TRY_COMPILE.build/Debug/cmTC_61247.build/Objects-normal/x86_64/CMakeCCompilerABI.o

WriteAuxiliaryFile /Users/elestorm/Desktop/lzy/lzycpp/lzycpp/mac-build/CMakeFiles/CMakeTmp/CMAKE_TRY_COMPILE.build/Debug/cmTC_61247.build/Objects-normal/x86_64/cmTC_61247.LinkFileList (in target 'cmTC_61247' from project 'CMAKE_TRY_COMPILE')
    cd /Users/elestorm/Desktop/lzy/lzycpp/lzycpp/mac-build/CMakeFiles/CMakeTmp
    write-file /Users/elestorm/Desktop/lzy/lzycpp/lzycpp/mac-build/CMakeFiles/CMakeTmp/CMAKE_TRY_COMPILE.build/Debug/cmTC_61247.build/Objects-normal/x86_64/cmTC_61247.LinkFileList

Ld /Users/elestorm/Desktop/lzy/lzycpp/lzycpp/mac-build/CMakeFiles/CMakeTmp/Debug/cmTC_61247 normal (in target 'cmTC_61247' from project 'CMAKE_TRY_COMPILE')
    cd /Users/elestorm/Desktop/lzy/lzycpp/lzycpp/mac-build/CMakeFiles/CMakeTmp
    /Applications/Xcode.app/Contents/Developer/Toolchains/XcodeDefault.xctoolchain/usr/bin/clang -Xlinker -reproducible -target x86_64-apple-macos14.2 -isysroot /Applications/Xcode.app/Contents/Developer/Platforms/MacOSX.platform/Developer/SDKs/MacOSX14.2.sdk -O0 -L/Users/elestorm/Desktop/lzy/lzycpp/lzycpp/mac-build/CMakeFiles/CMakeTmp/EagerLinkingTBDs/Debug -L/Users/elestorm/Desktop/lzy/lzycpp/lzycpp/mac-build/CMakeFiles/CMakeTmp/Debug -F/Users/elestorm/Desktop/lzy/lzycpp/lzycpp/mac-build/CMakeFiles/CMakeTmp/EagerLinkingTBDs/Debug -F/Users/elestorm/Desktop/lzy/lzycpp/lzycpp/mac-build/CMakeFiles/CMakeTmp/Debug -filelist /Users/elestorm/Desktop/lzy/lzycpp/lzycpp/mac-build/CMakeFiles/CMakeTmp/CMAKE_TRY_COMPILE.build/Debug/cmTC_61247.build/Objects-normal/x86_64/cmTC_61247.LinkFileList -Xlinker -no_deduplicate -Wl,-search_paths_first -Wl,-headerpad_max_install_names -Xlinker -dependency_info -Xlinker /Users/elestorm/Desktop/lzy/lzycpp/lzycpp/mac-build/CMakeFiles/CMakeTmp/CMAKE_TRY_COMPILE.build/Debug/cmTC_61247.build/Objects-normal/x86_64/cmTC_61247_dependency_info.dat -o /Users/elestorm/Desktop/lzy/lzycpp/lzycpp/mac-build/CMakeFiles/CMakeTmp/Debug/cmTC_61247

RegisterExecutionPolicyException /Users/elestorm/Desktop/lzy/lzycpp/lzycpp/mac-build/CMakeFiles/CMakeTmp/Debug/cmTC_61247 (in target 'cmTC_61247' from project 'CMAKE_TRY_COMPILE')
    cd /Users/elestorm/Desktop/lzy/lzycpp/lzycpp/mac-build/CMakeFiles/CMakeTmp
    builtin-RegisterExecutionPolicyException /Users/elestorm/Desktop/lzy/lzycpp/lzycpp/mac-build/CMakeFiles/CMakeTmp/Debug/cmTC_61247

** BUILD SUCCEEDED **




Detecting CXX compiler ABI info compiled with the following output:
Change Dir: /Users/elestorm/Desktop/lzy/lzycpp/lzycpp/mac-build/CMakeFiles/CMakeTmp

Run Build Command(s):/usr/bin/xcodebuild -project CMAKE_TRY_COMPILE.xcodeproj build -target cmTC_afb6a -parallelizeTargets -configuration Debug -hideShellScriptEnvironment && Command line invocation:
    /Applications/Xcode.app/Contents/Developer/usr/bin/xcodebuild -project CMAKE_TRY_COMPILE.xcodeproj build -target cmTC_afb6a -parallelizeTargets -configuration Debug -hideShellScriptEnvironment

User defaults from command line:
    HideShellScriptEnvironment = YES
    IDEPackageSupportUseBuiltinSCM = YES

ComputeTargetDependencyGraph
note: Building targets in dependency order
note: Target dependency graph (1 target)
    Target 'cmTC_afb6a' in project 'CMAKE_TRY_COMPILE' (no dependencies)

GatherProvisioningInputs

CreateBuildDescription
Build description signature: 02a7a865e5a8cb902f529078a022f49d
Build description path: /Users/elestorm/Desktop/lzy/lzycpp/lzycpp/mac-build/CMakeFiles/CMakeTmp/build/XCBuildData/02a7a865e5a8cb902f529078a022f49d.xcbuilddata

CreateBuildDirectory /Users/elestorm/Desktop/lzy/lzycpp/lzycpp/mac-build/CMakeFiles/CMakeTmp
    cd /Users/elestorm/Desktop/lzy/lzycpp/lzycpp/mac-build/CMakeFiles/CMakeTmp/CMAKE_TRY_COMPILE.xcodeproj
    builtin-create-build-directory /Users/elestorm/Desktop/lzy/lzycpp/lzycpp/mac-build/CMakeFiles/CMakeTmp

CreateBuildDirectory /Users/elestorm/Desktop/lzy/lzycpp/lzycpp/mac-build/CMakeFiles/CMakeTmp/Debug
    cd /Users/elestorm/Desktop/lzy/lzycpp/lzycpp/mac-build/CMakeFiles/CMakeTmp/CMAKE_TRY_COMPILE.xcodeproj
    builtin-create-build-directory /Users/elestorm/Desktop/lzy/lzycpp/lzycpp/mac-build/CMakeFiles/CMakeTmp/Debug

CreateBuildDirectory /Users/elestorm/Desktop/lzy/lzycpp/lzycpp/mac-build/CMakeFiles/CMakeTmp/EagerLinkingTBDs/Debug
    cd /Users/elestorm/Desktop/lzy/lzycpp/lzycpp/mac-build/CMakeFiles/CMakeTmp/CMAKE_TRY_COMPILE.xcodeproj
    builtin-create-build-directory /Users/elestorm/Desktop/lzy/lzycpp/lzycpp/mac-build/CMakeFiles/CMakeTmp/EagerLinkingTBDs/Debug

CompileC /Users/elestorm/Desktop/lzy/lzycpp/lzycpp/mac-build/CMakeFiles/CMakeTmp/CMAKE_TRY_COMPILE.build/Debug/cmTC_afb6a.build/Objects-normal/x86_64/CMakeCXXCompilerABI.o /Applications/CMake.app/Contents/share/cmake-3.21/Modules/CMakeCXXCompilerABI.cpp normal x86_64 c++ com.apple.compilers.llvm.clang.1_0.compiler (in target 'cmTC_afb6a' from project 'CMAKE_TRY_COMPILE')
    cd /Users/elestorm/Desktop/lzy/lzycpp/lzycpp/mac-build/CMakeFiles/CMakeTmp
    /usr/bin/gcc -x c++ -target x86_64-apple-macos14.2 -fmessage-length\=0 -fdiagnostics-show-note-include-stack -fmacro-backtrace-limit\=0 -fno-color-diagnostics -Wno-trigraphs -fpascal-strings -O0 -Wno-missing-field-initializers -Wno-missing-prototypes -Wno-return-type -Wno-non-virtual-dtor -Wno-overloaded-virtual -Wno-exit-time-destructors -Wno-missing-braces -Wparentheses -Wswitch -Wno-unused-function -Wno-unused-label -Wno-unused-parameter -Wno-unused-variable -Wunused-value -Wno-empty-body -Wno-uninitialized -Wno-unknown-pragmas -Wno-shadow -Wno-four-char-constants -Wno-conversion -Wno-constant-conversion -Wno-int-conversion -Wno-bool-conversion -Wno-enum-conversion -Wno-float-conversion -Wno-non-literal-null-conversion -Wno-objc-literal-conversion -Wshorten-64-to-32 -Wno-newline-eof -Wno-c++11-extensions -Wno-implicit-fallthrough -DCMAKE_INTDIR\=\"Debug\" -isysroot /Applications/Xcode.app/Contents/Developer/Platforms/MacOSX.platform/Developer/SDKs/MacOSX14.2.sdk -fasm-blocks -fstrict-aliasing -Wdeprecated-declarations -Winvalid-offsetof -Wno-sign-conversion -Wno-infinite-recursion -Wno-move -Wno-comma -Wno-block-capture-autoreleasing -Wno-strict-prototypes -Wno-range-loop-analysis -Wno-semicolon-before-method-body -I/Users/elestorm/Desktop/lzy/lzycpp/lzycpp/mac-build/CMakeFiles/CMakeTmp/Debug/include -I/Users/elestorm/Desktop/lzy/lzycpp/lzycpp/mac-build/CMakeFiles/CMakeTmp/CMAKE_TRY_COMPILE.build/Debug/cmTC_afb6a.build/DerivedSources-normal/x86_64 -I/Users/elestorm/Desktop/lzy/lzycpp/lzycpp/mac-build/CMakeFiles/CMakeTmp/CMAKE_TRY_COMPILE.build/Debug/cmTC_afb6a.build/DerivedSources/x86_64 -I/Users/elestorm/Desktop/lzy/lzycpp/lzycpp/mac-build/CMakeFiles/CMakeTmp/CMAKE_TRY_COMPILE.build/Debug/cmTC_afb6a.build/DerivedSources -F/Users/elestorm/Desktop/lzy/lzycpp/lzycpp/mac-build/CMakeFiles/CMakeTmp/Debug -MMD -MT dependencies -MF /Users/elestorm/Desktop/lzy/lzycpp/lzycpp/mac-build/CMakeFiles/CMakeTmp/CMAKE_TRY_COMPILE.build/Debug/cmTC_afb6a.build/Objects-normal/x86_64/CMakeCXXCompilerABI.d --serialize-diagnostics /Users/elestorm/Desktop/lzy/lzycpp/lzycpp/mac-build/CMakeFiles/CMakeTmp/CMAKE_TRY_COMPILE.build/Debug/cmTC_afb6a.build/Objects-normal/x86_64/CMakeCXXCompilerABI.dia -c /Applications/CMake.app/Contents/share/cmake-3.21/Modules/CMakeCXXCompilerABI.cpp -o /Users/elestorm/Desktop/lzy/lzycpp/lzycpp/mac-build/CMakeFiles/CMakeTmp/CMAKE_TRY_COMPILE.build/Debug/cmTC_afb6a.build/Objects-normal/x86_64/CMakeCXXCompilerABI.o

WriteAuxiliaryFile /Users/elestorm/Desktop/lzy/lzycpp/lzycpp/mac-build/CMakeFiles/CMakeTmp/CMAKE_TRY_COMPILE.build/Debug/cmTC_afb6a.build/Objects-normal/x86_64/cmTC_afb6a.LinkFileList (in target 'cmTC_afb6a' from project 'CMAKE_TRY_COMPILE')
    cd /Users/elestorm/Desktop/lzy/lzycpp/lzycpp/mac-build/CMakeFiles/CMakeTmp
    write-file /Users/elestorm/Desktop/lzy/lzycpp/lzycpp/mac-build/CMakeFiles/CMakeTmp/CMAKE_TRY_COMPILE.build/Debug/cmTC_afb6a.build/Objects-normal/x86_64/cmTC_afb6a.LinkFileList

Ld /Users/elestorm/Desktop/lzy/lzycpp/lzycpp/mac-build/CMakeFiles/CMakeTmp/Debug/cmTC_afb6a normal (in target 'cmTC_afb6a' from project 'CMAKE_TRY_COMPILE')
    cd /Users/elestorm/Desktop/lzy/lzycpp/lzycpp/mac-build/CMakeFiles/CMakeTmp
    /Applications/Xcode.app/Contents/Developer/Toolchains/XcodeDefault.xctoolchain/usr/bin/clang++ -Xlinker -reproducible -target x86_64-apple-macos14.2 -isysroot /Applications/Xcode.app/Contents/Developer/Platforms/MacOSX.platform/Developer/SDKs/MacOSX14.2.sdk -O0 -L/Users/elestorm/Desktop/lzy/lzycpp/lzycpp/mac-build/CMakeFiles/CMakeTmp/EagerLinkingTBDs/Debug -L/Users/elestorm/Desktop/lzy/lzycpp/lzycpp/mac-build/CMakeFiles/CMakeTmp/Debug -F/Users/elestorm/Desktop/lzy/lzycpp/lzycpp/mac-build/CMakeFiles/CMakeTmp/EagerLinkingTBDs/Debug -F/Users/elestorm/Desktop/lzy/lzycpp/lzycpp/mac-build/CMakeFiles/CMakeTmp/Debug -filelist /Users/elestorm/Desktop/lzy/lzycpp/lzycpp/mac-build/CMakeFiles/CMakeTmp/CMAKE_TRY_COMPILE.build/Debug/cmTC_afb6a.build/Objects-normal/x86_64/cmTC_afb6a.LinkFileList -Xlinker -no_deduplicate -Wl,-search_paths_first -Wl,-headerpad_max_install_names -Xlinker -dependency_info -Xlinker /Users/elestorm/Desktop/lzy/lzycpp/lzycpp/mac-build/CMakeFiles/CMakeTmp/CMAKE_TRY_COMPILE.build/Debug/cmTC_afb6a.build/Objects-normal/x86_64/cmTC_afb6a_dependency_info.dat -o /Users/elestorm/Desktop/lzy/lzycpp/lzycpp/mac-build/CMakeFiles/CMakeTmp/Debug/cmTC_afb6a

RegisterExecutionPolicyException /Users/elestorm/Desktop/lzy/lzycpp/lzycpp/mac-build/CMakeFiles/CMakeTmp/Debug/cmTC_afb6a (in target 'cmTC_afb6a' from project 'CMAKE_TRY_COMPILE')
    cd /Users/elestorm/Desktop/lzy/lzycpp/lzycpp/mac-build/CMakeFiles/CMakeTmp
    builtin-RegisterExecutionPolicyException /Users/elestorm/Desktop/lzy/lzycpp/lzycpp/mac-build/CMakeFiles/CMakeTmp/Debug/cmTC_afb6a

** BUILD SUCCEEDED **




