Compiling the C compiler identification source file "CMakeCCompilerId.c" failed.
Compiler:  
Build flags: 
Id flags:  

The output was:
65
Command line invocation:
    /Applications/Xcode.app/Contents/Developer/usr/bin/xcodebuild

User defaults from command line:
    IDEPackageSupportUseBuiltinSCM = YES

ComputeTargetDependencyGraph
warning: Building targets in manual order is deprecated - check "Parallelize build for command-line builds" in the project editor, or set DISABLE_MANUAL_TARGET_ORDER_BUILD_WARNING in any of the targets in the current build to suppress this warning
note: Target dependency graph (1 target)
    Target 'CompilerIdC' in project 'CompilerIdC' (no dependencies)

GatherProvisioningInputs

CreateBuildDescription
Build description signature: d24ec1499db8ac34c851e1a4348f1ba3
Build description path: /Users/elestorm/Desktop/lzy/lzycpp/lzycpp/ios-build/CMakeFiles/3.21.4/CompilerIdC/./XCBuildData/d24ec1499db8ac34c851e1a4348f1ba3.xcbuilddata

warning: ONLY_ACTIVE_ARCH=YES requested with multiple ARCHS and no active architecture could be computed; building for all applicable architectures (in target 'CompilerIdC' from project 'CompilerIdC')
warning: Traditional headermap style is no longer supported; please migrate to using separate headermaps and set 'ALWAYS_SEARCH_USER_PATHS' to NO. (in target 'CompilerIdC' from project 'CompilerIdC')
error: Cannot code sign because the target does not have an Info.plist file and one is not being generated automatically. Apply an Info.plist file to the target using the INFOPLIST_FILE build setting or generate one automatically by setting the GENERATE_INFOPLIST_FILE build setting to YES (recommended). (in target 'CompilerIdC' from project 'CompilerIdC')
warning: Run script build phase 'Run Script' will be run during every build because it does not specify any outputs. To address this warning, either add output dependencies to the script phase, or configure it to run in every build by unchecking "Based on dependency analysis" in the script phase. (in target 'CompilerIdC' from project 'CompilerIdC')
** BUILD FAILED **



Compiling the C compiler identification source file "CMakeCCompilerId.c" failed.
Compiler:  
Build flags: 
Id flags:  

The output was:
65
Command line invocation:
    /Applications/Xcode.app/Contents/Developer/usr/bin/xcodebuild

User defaults from command line:
    IDEPackageSupportUseBuiltinSCM = YES

ComputeTargetDependencyGraph
warning: Building targets in manual order is deprecated - check "Parallelize build for command-line builds" in the project editor, or set DISABLE_MANUAL_TARGET_ORDER_BUILD_WARNING in any of the targets in the current build to suppress this warning
note: Target dependency graph (1 target)
    Target 'CompilerIdC' in project 'CompilerIdC' (no dependencies)

GatherProvisioningInputs

CreateBuildDescription
Build description signature: 129b2cb9c0b7f4d9aa7257604c4fc77c
Build description path: /Users/elestorm/Desktop/lzy/lzycpp/lzycpp/ios-build/CMakeFiles/3.21.4/CompilerIdC/./XCBuildData/129b2cb9c0b7f4d9aa7257604c4fc77c.xcbuilddata

warning: ONLY_ACTIVE_ARCH=YES requested with multiple ARCHS and no active architecture could be computed; building for all applicable architectures (in target 'CompilerIdC' from project 'CompilerIdC')
warning: Traditional headermap style is no longer supported; please migrate to using separate headermaps and set 'ALWAYS_SEARCH_USER_PATHS' to NO. (in target 'CompilerIdC' from project 'CompilerIdC')
error: Cannot code sign because the target does not have an Info.plist file and one is not being generated automatically. Apply an Info.plist file to the target using the INFOPLIST_FILE build setting or generate one automatically by setting the GENERATE_INFOPLIST_FILE build setting to YES (recommended). (in target 'CompilerIdC' from project 'CompilerIdC')
warning: Run script build phase 'Run Script' will be run during every build because it does not specify any outputs. To address this warning, either add output dependencies to the script phase, or configure it to run in every build by unchecking "Based on dependency analysis" in the script phase. (in target 'CompilerIdC' from project 'CompilerIdC')
** BUILD FAILED **



Compiling the CXX compiler identification source file "CMakeCXXCompilerId.cpp" failed.
Compiler:  
Build flags: 
Id flags:  

The output was:
65
Command line invocation:
    /Applications/Xcode.app/Contents/Developer/usr/bin/xcodebuild

User defaults from command line:
    IDEPackageSupportUseBuiltinSCM = YES

ComputeTargetDependencyGraph
warning: Building targets in manual order is deprecated - check "Parallelize build for command-line builds" in the project editor, or set DISABLE_MANUAL_TARGET_ORDER_BUILD_WARNING in any of the targets in the current build to suppress this warning
note: Target dependency graph (1 target)
    Target 'CompilerIdCXX' in project 'CompilerIdCXX' (no dependencies)

GatherProvisioningInputs

CreateBuildDescription
Build description signature: 464651a3cf139c699a844ea2801f47a7
Build description path: /Users/elestorm/Desktop/lzy/lzycpp/lzycpp/ios-build/CMakeFiles/3.21.4/CompilerIdCXX/./XCBuildData/464651a3cf139c699a844ea2801f47a7.xcbuilddata

warning: ONLY_ACTIVE_ARCH=YES requested with multiple ARCHS and no active architecture could be computed; building for all applicable architectures (in target 'CompilerIdCXX' from project 'CompilerIdCXX')
warning: Traditional headermap style is no longer supported; please migrate to using separate headermaps and set 'ALWAYS_SEARCH_USER_PATHS' to NO. (in target 'CompilerIdCXX' from project 'CompilerIdCXX')
error: Cannot code sign because the target does not have an Info.plist file and one is not being generated automatically. Apply an Info.plist file to the target using the INFOPLIST_FILE build setting or generate one automatically by setting the GENERATE_INFOPLIST_FILE build setting to YES (recommended). (in target 'CompilerIdCXX' from project 'CompilerIdCXX')
warning: Run script build phase 'Run Script' will be run during every build because it does not specify any outputs. To address this warning, either add output dependencies to the script phase, or configure it to run in every build by unchecking "Based on dependency analysis" in the script phase. (in target 'CompilerIdCXX' from project 'CompilerIdCXX')
** BUILD FAILED **



Compiling the CXX compiler identification source file "CMakeCXXCompilerId.cpp" failed.
Compiler:  
Build flags: 
Id flags:  

The output was:
65
Command line invocation:
    /Applications/Xcode.app/Contents/Developer/usr/bin/xcodebuild

User defaults from command line:
    IDEPackageSupportUseBuiltinSCM = YES

ComputeTargetDependencyGraph
warning: Building targets in manual order is deprecated - check "Parallelize build for command-line builds" in the project editor, or set DISABLE_MANUAL_TARGET_ORDER_BUILD_WARNING in any of the targets in the current build to suppress this warning
note: Target dependency graph (1 target)
    Target 'CompilerIdCXX' in project 'CompilerIdCXX' (no dependencies)

GatherProvisioningInputs

CreateBuildDescription
Build description signature: dffddeca2143497b57c06423b0021839
Build description path: /Users/elestorm/Desktop/lzy/lzycpp/lzycpp/ios-build/CMakeFiles/3.21.4/CompilerIdCXX/./XCBuildData/dffddeca2143497b57c06423b0021839.xcbuilddata

warning: ONLY_ACTIVE_ARCH=YES requested with multiple ARCHS and no active architecture could be computed; building for all applicable architectures (in target 'CompilerIdCXX' from project 'CompilerIdCXX')
warning: Traditional headermap style is no longer supported; please migrate to using separate headermaps and set 'ALWAYS_SEARCH_USER_PATHS' to NO. (in target 'CompilerIdCXX' from project 'CompilerIdCXX')
error: Cannot code sign because the target does not have an Info.plist file and one is not being generated automatically. Apply an Info.plist file to the target using the INFOPLIST_FILE build setting or generate one automatically by setting the GENERATE_INFOPLIST_FILE build setting to YES (recommended). (in target 'CompilerIdCXX' from project 'CompilerIdCXX')
warning: Run script build phase 'Run Script' will be run during every build because it does not specify any outputs. To address this warning, either add output dependencies to the script phase, or configure it to run in every build by unchecking "Based on dependency analysis" in the script phase. (in target 'CompilerIdCXX' from project 'CompilerIdCXX')
** BUILD FAILED **



Compiling the C compiler identification source file "CMakeCCompilerId.c" failed.
Compiler:  
Build flags: 
Id flags:  

The output was:
65
Command line invocation:
    /Applications/Xcode.app/Contents/Developer/usr/bin/xcodebuild

User defaults from command line:
    IDEPackageSupportUseBuiltinSCM = YES

ComputeTargetDependencyGraph
warning: Building targets in manual order is deprecated - check "Parallelize build for command-line builds" in the project editor, or set DISABLE_MANUAL_TARGET_ORDER_BUILD_WARNING in any of the targets in the current build to suppress this warning
note: Target dependency graph (1 target)
    Target 'CompilerIdC' in project 'CompilerIdC' (no dependencies)

GatherProvisioningInputs

CreateBuildDescription
Build description signature: 3bdd311607d3eb2a47d7a5df6ef98ed6
Build description path: /Users/elestorm/Desktop/lzy/lzycpp/lzycpp/ios-build/CMakeFiles/3.21.4/CompilerIdC/./XCBuildData/3bdd311607d3eb2a47d7a5df6ef98ed6.xcbuilddata

warning: ONLY_ACTIVE_ARCH=YES requested with multiple ARCHS and no active architecture could be computed; building for all applicable architectures (in target 'CompilerIdC' from project 'CompilerIdC')
warning: Traditional headermap style is no longer supported; please migrate to using separate headermaps and set 'ALWAYS_SEARCH_USER_PATHS' to NO. (in target 'CompilerIdC' from project 'CompilerIdC')
error: Cannot code sign because the target does not have an Info.plist file and one is not being generated automatically. Apply an Info.plist file to the target using the INFOPLIST_FILE build setting or generate one automatically by setting the GENERATE_INFOPLIST_FILE build setting to YES (recommended). (in target 'CompilerIdC' from project 'CompilerIdC')
warning: Run script build phase 'Run Script' will be run during every build because it does not specify any outputs. To address this warning, either add output dependencies to the script phase, or configure it to run in every build by unchecking "Based on dependency analysis" in the script phase. (in target 'CompilerIdC' from project 'CompilerIdC')
** BUILD FAILED **



Compiling the C compiler identification source file "CMakeCCompilerId.c" failed.
Compiler:  
Build flags: 
Id flags:  

The output was:
65
Command line invocation:
    /Applications/Xcode.app/Contents/Developer/usr/bin/xcodebuild

User defaults from command line:
    IDEPackageSupportUseBuiltinSCM = YES

ComputeTargetDependencyGraph
warning: Building targets in manual order is deprecated - check "Parallelize build for command-line builds" in the project editor, or set DISABLE_MANUAL_TARGET_ORDER_BUILD_WARNING in any of the targets in the current build to suppress this warning
note: Target dependency graph (1 target)
    Target 'CompilerIdC' in project 'CompilerIdC' (no dependencies)

GatherProvisioningInputs

CreateBuildDescription
Build description signature: 70c867450d0a58f1da0eb8039265a902
Build description path: /Users/elestorm/Desktop/lzy/lzycpp/lzycpp/ios-build/CMakeFiles/3.21.4/CompilerIdC/./XCBuildData/70c867450d0a58f1da0eb8039265a902.xcbuilddata

warning: ONLY_ACTIVE_ARCH=YES requested with multiple ARCHS and no active architecture could be computed; building for all applicable architectures (in target 'CompilerIdC' from project 'CompilerIdC')
warning: Traditional headermap style is no longer supported; please migrate to using separate headermaps and set 'ALWAYS_SEARCH_USER_PATHS' to NO. (in target 'CompilerIdC' from project 'CompilerIdC')
error: Cannot code sign because the target does not have an Info.plist file and one is not being generated automatically. Apply an Info.plist file to the target using the INFOPLIST_FILE build setting or generate one automatically by setting the GENERATE_INFOPLIST_FILE build setting to YES (recommended). (in target 'CompilerIdC' from project 'CompilerIdC')
warning: Run script build phase 'Run Script' will be run during every build because it does not specify any outputs. To address this warning, either add output dependencies to the script phase, or configure it to run in every build by unchecking "Based on dependency analysis" in the script phase. (in target 'CompilerIdC' from project 'CompilerIdC')
** BUILD FAILED **



Compiling the CXX compiler identification source file "CMakeCXXCompilerId.cpp" failed.
Compiler:  
Build flags: 
Id flags:  

The output was:
65
Command line invocation:
    /Applications/Xcode.app/Contents/Developer/usr/bin/xcodebuild

User defaults from command line:
    IDEPackageSupportUseBuiltinSCM = YES

ComputeTargetDependencyGraph
warning: Building targets in manual order is deprecated - check "Parallelize build for command-line builds" in the project editor, or set DISABLE_MANUAL_TARGET_ORDER_BUILD_WARNING in any of the targets in the current build to suppress this warning
note: Target dependency graph (1 target)
    Target 'CompilerIdCXX' in project 'CompilerIdCXX' (no dependencies)

GatherProvisioningInputs

CreateBuildDescription
Build description signature: f50e1589989e8a06213652e1f9fd024f
Build description path: /Users/elestorm/Desktop/lzy/lzycpp/lzycpp/ios-build/CMakeFiles/3.21.4/CompilerIdCXX/./XCBuildData/f50e1589989e8a06213652e1f9fd024f.xcbuilddata

warning: ONLY_ACTIVE_ARCH=YES requested with multiple ARCHS and no active architecture could be computed; building for all applicable architectures (in target 'CompilerIdCXX' from project 'CompilerIdCXX')
warning: Traditional headermap style is no longer supported; please migrate to using separate headermaps and set 'ALWAYS_SEARCH_USER_PATHS' to NO. (in target 'CompilerIdCXX' from project 'CompilerIdCXX')
error: Cannot code sign because the target does not have an Info.plist file and one is not being generated automatically. Apply an Info.plist file to the target using the INFOPLIST_FILE build setting or generate one automatically by setting the GENERATE_INFOPLIST_FILE build setting to YES (recommended). (in target 'CompilerIdCXX' from project 'CompilerIdCXX')
warning: Run script build phase 'Run Script' will be run during every build because it does not specify any outputs. To address this warning, either add output dependencies to the script phase, or configure it to run in every build by unchecking "Based on dependency analysis" in the script phase. (in target 'CompilerIdCXX' from project 'CompilerIdCXX')
** BUILD FAILED **



Compiling the CXX compiler identification source file "CMakeCXXCompilerId.cpp" failed.
Compiler:  
Build flags: 
Id flags:  

The output was:
65
Command line invocation:
    /Applications/Xcode.app/Contents/Developer/usr/bin/xcodebuild

User defaults from command line:
    IDEPackageSupportUseBuiltinSCM = YES

ComputeTargetDependencyGraph
warning: Building targets in manual order is deprecated - check "Parallelize build for command-line builds" in the project editor, or set DISABLE_MANUAL_TARGET_ORDER_BUILD_WARNING in any of the targets in the current build to suppress this warning
note: Target dependency graph (1 target)
    Target 'CompilerIdCXX' in project 'CompilerIdCXX' (no dependencies)

GatherProvisioningInputs

CreateBuildDescription
Build description signature: 47ffa6c29d8806d6dc938272f9260556
Build description path: /Users/elestorm/Desktop/lzy/lzycpp/lzycpp/ios-build/CMakeFiles/3.21.4/CompilerIdCXX/./XCBuildData/47ffa6c29d8806d6dc938272f9260556.xcbuilddata

warning: ONLY_ACTIVE_ARCH=YES requested with multiple ARCHS and no active architecture could be computed; building for all applicable architectures (in target 'CompilerIdCXX' from project 'CompilerIdCXX')
warning: Traditional headermap style is no longer supported; please migrate to using separate headermaps and set 'ALWAYS_SEARCH_USER_PATHS' to NO. (in target 'CompilerIdCXX' from project 'CompilerIdCXX')
error: Cannot code sign because the target does not have an Info.plist file and one is not being generated automatically. Apply an Info.plist file to the target using the INFOPLIST_FILE build setting or generate one automatically by setting the GENERATE_INFOPLIST_FILE build setting to YES (recommended). (in target 'CompilerIdCXX' from project 'CompilerIdCXX')
warning: Run script build phase 'Run Script' will be run during every build because it does not specify any outputs. To address this warning, either add output dependencies to the script phase, or configure it to run in every build by unchecking "Based on dependency analysis" in the script phase. (in target 'CompilerIdCXX' from project 'CompilerIdCXX')
** BUILD FAILED **



Compiling the C compiler identification source file "CMakeCCompilerId.c" failed.
Compiler: /Applications/Xcode.app/Contents/Developer/Toolchains/XcodeDefault.xctoolchain/usr/bin 
Build flags: 
Id flags:  

The output was:
65
Command line invocation:
    /Applications/Xcode.app/Contents/Developer/usr/bin/xcodebuild

User defaults from command line:
    IDEPackageSupportUseBuiltinSCM = YES

ComputeTargetDependencyGraph
warning: Building targets in manual order is deprecated - check "Parallelize build for command-line builds" in the project editor, or set DISABLE_MANUAL_TARGET_ORDER_BUILD_WARNING in any of the targets in the current build to suppress this warning
note: Target dependency graph (1 target)
    Target 'CompilerIdC' in project 'CompilerIdC' (no dependencies)

GatherProvisioningInputs

CreateBuildDescription
Build description signature: ac64369bb57a3e88ed80d860088e4cc3
Build description path: /Users/elestorm/Desktop/lzy/lzycpp/lzycpp/ios-build/CMakeFiles/3.21.4/CompilerIdC/./XCBuildData/ac64369bb57a3e88ed80d860088e4cc3.xcbuilddata

warning: ONLY_ACTIVE_ARCH=YES requested with multiple ARCHS and no active architecture could be computed; building for all applicable architectures (in target 'CompilerIdC' from project 'CompilerIdC')
warning: Traditional headermap style is no longer supported; please migrate to using separate headermaps and set 'ALWAYS_SEARCH_USER_PATHS' to NO. (in target 'CompilerIdC' from project 'CompilerIdC')
error: Cannot code sign because the target does not have an Info.plist file and one is not being generated automatically. Apply an Info.plist file to the target using the INFOPLIST_FILE build setting or generate one automatically by setting the GENERATE_INFOPLIST_FILE build setting to YES (recommended). (in target 'CompilerIdC' from project 'CompilerIdC')
warning: Run script build phase 'Run Script' will be run during every build because it does not specify any outputs. To address this warning, either add output dependencies to the script phase, or configure it to run in every build by unchecking "Based on dependency analysis" in the script phase. (in target 'CompilerIdC' from project 'CompilerIdC')
** BUILD FAILED **



Compiling the C compiler identification source file "CMakeCCompilerId.c" failed.
Compiler: /Applications/Xcode.app/Contents/Developer/Toolchains/XcodeDefault.xctoolchain/usr/bin 
Build flags: 
Id flags:  

The output was:
65
Command line invocation:
    /Applications/Xcode.app/Contents/Developer/usr/bin/xcodebuild

User defaults from command line:
    IDEPackageSupportUseBuiltinSCM = YES

ComputeTargetDependencyGraph
warning: Building targets in manual order is deprecated - check "Parallelize build for command-line builds" in the project editor, or set DISABLE_MANUAL_TARGET_ORDER_BUILD_WARNING in any of the targets in the current build to suppress this warning
note: Target dependency graph (1 target)
    Target 'CompilerIdC' in project 'CompilerIdC' (no dependencies)

GatherProvisioningInputs

CreateBuildDescription
Build description signature: f225b802b1daf599f99ec8a57611d4ca
Build description path: /Users/elestorm/Desktop/lzy/lzycpp/lzycpp/ios-build/CMakeFiles/3.21.4/CompilerIdC/./XCBuildData/f225b802b1daf599f99ec8a57611d4ca.xcbuilddata

warning: ONLY_ACTIVE_ARCH=YES requested with multiple ARCHS and no active architecture could be computed; building for all applicable architectures (in target 'CompilerIdC' from project 'CompilerIdC')
warning: Traditional headermap style is no longer supported; please migrate to using separate headermaps and set 'ALWAYS_SEARCH_USER_PATHS' to NO. (in target 'CompilerIdC' from project 'CompilerIdC')
error: Cannot code sign because the target does not have an Info.plist file and one is not being generated automatically. Apply an Info.plist file to the target using the INFOPLIST_FILE build setting or generate one automatically by setting the GENERATE_INFOPLIST_FILE build setting to YES (recommended). (in target 'CompilerIdC' from project 'CompilerIdC')
warning: Run script build phase 'Run Script' will be run during every build because it does not specify any outputs. To address this warning, either add output dependencies to the script phase, or configure it to run in every build by unchecking "Based on dependency analysis" in the script phase. (in target 'CompilerIdC' from project 'CompilerIdC')
** BUILD FAILED **



Checking whether the C compiler is IAR using "" did not match "IAR .+ Compiler":
Checking whether the C compiler is IAR using "" did not match "IAR .+ Compiler":
Compiling the CXX compiler identification source file "CMakeCXXCompilerId.cpp" failed.
Compiler: /Applications/Xcode.app/Contents/Developer/Toolchains/XcodeDefault.xctoolchain/usr/bin 
Build flags: 
Id flags:  

The output was:
65
Command line invocation:
    /Applications/Xcode.app/Contents/Developer/usr/bin/xcodebuild

User defaults from command line:
    IDEPackageSupportUseBuiltinSCM = YES

ComputeTargetDependencyGraph
warning: Building targets in manual order is deprecated - check "Parallelize build for command-line builds" in the project editor, or set DISABLE_MANUAL_TARGET_ORDER_BUILD_WARNING in any of the targets in the current build to suppress this warning
note: Target dependency graph (1 target)
    Target 'CompilerIdCXX' in project 'CompilerIdCXX' (no dependencies)

GatherProvisioningInputs

CreateBuildDescription
Build description signature: a3219df195384a4a327a3a79a76f25ce
Build description path: /Users/elestorm/Desktop/lzy/lzycpp/lzycpp/ios-build/CMakeFiles/3.21.4/CompilerIdCXX/./XCBuildData/a3219df195384a4a327a3a79a76f25ce.xcbuilddata

warning: ONLY_ACTIVE_ARCH=YES requested with multiple ARCHS and no active architecture could be computed; building for all applicable architectures (in target 'CompilerIdCXX' from project 'CompilerIdCXX')
warning: Traditional headermap style is no longer supported; please migrate to using separate headermaps and set 'ALWAYS_SEARCH_USER_PATHS' to NO. (in target 'CompilerIdCXX' from project 'CompilerIdCXX')
error: Cannot code sign because the target does not have an Info.plist file and one is not being generated automatically. Apply an Info.plist file to the target using the INFOPLIST_FILE build setting or generate one automatically by setting the GENERATE_INFOPLIST_FILE build setting to YES (recommended). (in target 'CompilerIdCXX' from project 'CompilerIdCXX')
warning: Run script build phase 'Run Script' will be run during every build because it does not specify any outputs. To address this warning, either add output dependencies to the script phase, or configure it to run in every build by unchecking "Based on dependency analysis" in the script phase. (in target 'CompilerIdCXX' from project 'CompilerIdCXX')
** BUILD FAILED **



Compiling the CXX compiler identification source file "CMakeCXXCompilerId.cpp" failed.
Compiler: /Applications/Xcode.app/Contents/Developer/Toolchains/XcodeDefault.xctoolchain/usr/bin 
Build flags: 
Id flags:  

The output was:
65
Command line invocation:
    /Applications/Xcode.app/Contents/Developer/usr/bin/xcodebuild

User defaults from command line:
    IDEPackageSupportUseBuiltinSCM = YES

ComputeTargetDependencyGraph
warning: Building targets in manual order is deprecated - check "Parallelize build for command-line builds" in the project editor, or set DISABLE_MANUAL_TARGET_ORDER_BUILD_WARNING in any of the targets in the current build to suppress this warning
note: Target dependency graph (1 target)
    Target 'CompilerIdCXX' in project 'CompilerIdCXX' (no dependencies)

GatherProvisioningInputs

CreateBuildDescription
Build description signature: 6e4da3ae2fc65848be23b234447a47f6
Build description path: /Users/elestorm/Desktop/lzy/lzycpp/lzycpp/ios-build/CMakeFiles/3.21.4/CompilerIdCXX/./XCBuildData/6e4da3ae2fc65848be23b234447a47f6.xcbuilddata

warning: ONLY_ACTIVE_ARCH=YES requested with multiple ARCHS and no active architecture could be computed; building for all applicable architectures (in target 'CompilerIdCXX' from project 'CompilerIdCXX')
warning: Traditional headermap style is no longer supported; please migrate to using separate headermaps and set 'ALWAYS_SEARCH_USER_PATHS' to NO. (in target 'CompilerIdCXX' from project 'CompilerIdCXX')
error: Cannot code sign because the target does not have an Info.plist file and one is not being generated automatically. Apply an Info.plist file to the target using the INFOPLIST_FILE build setting or generate one automatically by setting the GENERATE_INFOPLIST_FILE build setting to YES (recommended). (in target 'CompilerIdCXX' from project 'CompilerIdCXX')
warning: Run script build phase 'Run Script' will be run during every build because it does not specify any outputs. To address this warning, either add output dependencies to the script phase, or configure it to run in every build by unchecking "Based on dependency analysis" in the script phase. (in target 'CompilerIdCXX' from project 'CompilerIdCXX')
** BUILD FAILED **



Checking whether the CXX compiler is IAR using "" did not match "IAR .+ Compiler":
Checking whether the CXX compiler is IAR using "" did not match "IAR .+ Compiler":
Detecting C compiler ABI info failed to compile with the following output:
Change Dir: /Users/elestorm/Desktop/lzy/lzycpp/lzycpp/ios-build/CMakeFiles/CMakeTmp

Run Build Command(s):/usr/bin/xcodebuild -project CMAKE_TRY_COMPILE.xcodeproj build -target cmTC_d6e61 -parallelizeTargets -configuration Debug -hideShellScriptEnvironment && Command line invocation:
    /Applications/Xcode.app/Contents/Developer/usr/bin/xcodebuild -project CMAKE_TRY_COMPILE.xcodeproj build -target cmTC_d6e61 -parallelizeTargets -configuration Debug -hideShellScriptEnvironment

User defaults from command line:
    HideShellScriptEnvironment = YES
    IDEPackageSupportUseBuiltinSCM = YES

ComputeTargetDependencyGraph
note: Building targets in dependency order
note: Target dependency graph (1 target)
    Target 'cmTC_d6e61' in project 'CMAKE_TRY_COMPILE' (no dependencies)

GatherProvisioningInputs

CreateBuildDescription
Build description signature: 1ec7e98e84a14371204f3f953334b2d8
Build description path: /Users/elestorm/Desktop/lzy/lzycpp/lzycpp/ios-build/CMakeFiles/CMakeTmp/build/XCBuildData/1ec7e98e84a14371204f3f953334b2d8.xcbuilddata

CreateBuildDirectory /Users/elestorm/Desktop/lzy/lzycpp/lzycpp/ios-build/CMakeFiles/CMakeTmp
    cd /Users/elestorm/Desktop/lzy/lzycpp/lzycpp/ios-build/CMakeFiles/CMakeTmp/CMAKE_TRY_COMPILE.xcodeproj
    builtin-create-build-directory /Users/elestorm/Desktop/lzy/lzycpp/lzycpp/ios-build/CMakeFiles/CMakeTmp

CreateBuildDirectory /Users/elestorm/Desktop/lzy/lzycpp/lzycpp/ios-build/CMakeFiles/CMakeTmp/Debug
    cd /Users/elestorm/Desktop/lzy/lzycpp/lzycpp/ios-build/CMakeFiles/CMakeTmp/CMAKE_TRY_COMPILE.xcodeproj
    builtin-create-build-directory /Users/elestorm/Desktop/lzy/lzycpp/lzycpp/ios-build/CMakeFiles/CMakeTmp/Debug

CreateBuildDirectory /Users/elestorm/Desktop/lzy/lzycpp/lzycpp/ios-build/CMakeFiles/CMakeTmp/EagerLinkingTBDs/Debug-iphonesimulator
    cd /Users/elestorm/Desktop/lzy/lzycpp/lzycpp/ios-build/CMakeFiles/CMakeTmp/CMAKE_TRY_COMPILE.xcodeproj
    builtin-create-build-directory /Users/elestorm/Desktop/lzy/lzycpp/lzycpp/ios-build/CMakeFiles/CMakeTmp/EagerLinkingTBDs/Debug-iphonesimulator

warning: ONLY_ACTIVE_ARCH=YES requested with multiple ARCHS and no active architecture could be computed; building for all applicable architectures (in target 'cmTC_d6e61' from project 'CMAKE_TRY_COMPILE')
CompileC /Users/elestorm/Desktop/lzy/lzycpp/lzycpp/ios-build/CMakeFiles/CMakeTmp/CMAKE_TRY_COMPILE.build/Debug-iphonesimulator/cmTC_d6e61.build/Objects-normal/x86_64/CMakeCCompilerABI.o /Applications/CMake.app/Contents/share/cmake-3.21/Modules/CMakeCCompilerABI.c normal x86_64 c com.apple.compilers.llvm.clang.1_0.compiler (in target 'cmTC_d6e61' from project 'CMAKE_TRY_COMPILE')
    cd /Users/elestorm/Desktop/lzy/lzycpp/lzycpp/ios-build/CMakeFiles/CMakeTmp
    /path/to/c_compiler -x c -target x86_64-apple-ios17.2-simulator -fmessage-length\=0 -fdiagnostics-show-note-include-stack -fmacro-backtrace-limit\=0 -fno-color-diagnostics -Wno-trigraphs -fpascal-strings -O0 -Wno-missing-field-initializers -Wno-missing-prototypes -Wno-return-type -Wno-missing-braces -Wparentheses -Wswitch -Wno-unused-function -Wno-unused-label -Wno-unused-parameter -Wno-unused-variable -Wunused-value -Wno-empty-body -Wno-uninitialized -Wno-unknown-pragmas -Wno-shadow -Wno-four-char-constants -Wno-conversion -Wno-constant-conversion -Wno-int-conversion -Wno-bool-conversion -Wno-enum-conversion -Wno-float-conversion -Wno-non-literal-null-conversion -Wno-objc-literal-conversion -Wshorten-64-to-32 -Wpointer-sign -Wno-newline-eof -Wno-implicit-fallthrough -DCMAKE_INTDIR\=\"Debug-iphonesimulator\" -isysroot /Applications/Xcode.app/Contents/Developer/Platforms/iPhoneSimulator.platform/Developer/SDKs/iPhoneSimulator17.2.sdk -fasm-blocks -fstrict-aliasing -Wdeprecated-declarations -Wno-sign-conversion -Wno-infinite-recursion -Wno-comma -Wno-block-capture-autoreleasing -Wno-strict-prototypes -Wno-semicolon-before-method-body -I/Users/elestorm/Desktop/lzy/lzycpp/lzycpp/ios-build/CMakeFiles/CMakeTmp/Debug/include -I/Users/elestorm/Desktop/lzy/lzycpp/lzycpp/ios-build/CMakeFiles/CMakeTmp/CMAKE_TRY_COMPILE.build/Debug-iphonesimulator/cmTC_d6e61.build/DerivedSources-normal/x86_64 -I/Users/elestorm/Desktop/lzy/lzycpp/lzycpp/ios-build/CMakeFiles/CMakeTmp/CMAKE_TRY_COMPILE.build/Debug-iphonesimulator/cmTC_d6e61.build/DerivedSources/x86_64 -I/Users/elestorm/Desktop/lzy/lzycpp/lzycpp/ios-build/CMakeFiles/CMakeTmp/CMAKE_TRY_COMPILE.build/Debug-iphonesimulator/cmTC_d6e61.build/DerivedSources -F/Users/elestorm/Desktop/lzy/lzycpp/lzycpp/ios-build/CMakeFiles/CMakeTmp/Debug -MMD -MT dependencies -MF /Users/elestorm/Desktop/lzy/lzycpp/lzycpp/ios-build/CMakeFiles/CMakeTmp/CMAKE_TRY_COMPILE.build/Debug-iphonesimulator/cmTC_d6e61.build/Objects-normal/x86_64/CMakeCCompilerABI.d --serialize-diagnostics /Users/elestorm/Desktop/lzy/lzycpp/lzycpp/ios-build/CMakeFiles/CMakeTmp/CMAKE_TRY_COMPILE.build/Debug-iphonesimulator/cmTC_d6e61.build/Objects-normal/x86_64/CMakeCCompilerABI.dia -c /Applications/CMake.app/Contents/share/cmake-3.21/Modules/CMakeCCompilerABI.c -o /Users/elestorm/Desktop/lzy/lzycpp/lzycpp/ios-build/CMakeFiles/CMakeTmp/CMAKE_TRY_COMPILE.build/Debug-iphonesimulator/cmTC_d6e61.build/Objects-normal/x86_64/CMakeCCompilerABI.o
error: unable to spawn process '/path/to/c_compiler' (No such file or directory) (in target 'cmTC_d6e61' from project 'CMAKE_TRY_COMPILE')
/Users/elestorm/Desktop/lzy/lzycpp/lzycpp/ios-build/CMakeFiles/CMakeTmp/CMAKE_TRY_COMPILE.build/Debug-iphonesimulator/cmTC_d6e61.build/Objects-normal/x86_64/CMakeCCompilerABI.dia:1:1: warning: Could not read serialized diagnostics file: error("Failed to open diagnostics file") (in target 'cmTC_d6e61' from project 'CMAKE_TRY_COMPILE')

CompileC /Users/elestorm/Desktop/lzy/lzycpp/lzycpp/ios-build/CMakeFiles/CMakeTmp/CMAKE_TRY_COMPILE.build/Debug-iphonesimulator/cmTC_d6e61.build/Objects-normal/arm64/CMakeCCompilerABI.o /Applications/CMake.app/Contents/share/cmake-3.21/Modules/CMakeCCompilerABI.c normal arm64 c com.apple.compilers.llvm.clang.1_0.compiler (in target 'cmTC_d6e61' from project 'CMAKE_TRY_COMPILE')
    cd /Users/elestorm/Desktop/lzy/lzycpp/lzycpp/ios-build/CMakeFiles/CMakeTmp
    /path/to/c_compiler -x c -target arm64-apple-ios17.2-simulator -fmessage-length\=0 -fdiagnostics-show-note-include-stack -fmacro-backtrace-limit\=0 -fno-color-diagnostics -Wno-trigraphs -fpascal-strings -O0 -Wno-missing-field-initializers -Wno-missing-prototypes -Wno-return-type -Wno-missing-braces -Wparentheses -Wswitch -Wno-unused-function -Wno-unused-label -Wno-unused-parameter -Wno-unused-variable -Wunused-value -Wno-empty-body -Wno-uninitialized -Wno-unknown-pragmas -Wno-shadow -Wno-four-char-constants -Wno-conversion -Wno-constant-conversion -Wno-int-conversion -Wno-bool-conversion -Wno-enum-conversion -Wno-float-conversion -Wno-non-literal-null-conversion -Wno-objc-literal-conversion -Wshorten-64-to-32 -Wpointer-sign -Wno-newline-eof -Wno-implicit-fallthrough -DCMAKE_INTDIR\=\"Debug-iphonesimulator\" -isysroot /Applications/Xcode.app/Contents/Developer/Platforms/iPhoneSimulator.platform/Developer/SDKs/iPhoneSimulator17.2.sdk -fstrict-aliasing -Wdeprecated-declarations -Wno-sign-conversion -Wno-infinite-recursion -Wno-comma -Wno-block-capture-autoreleasing -Wno-strict-prototypes -Wno-semicolon-before-method-body -I/Users/elestorm/Desktop/lzy/lzycpp/lzycpp/ios-build/CMakeFiles/CMakeTmp/Debug/include -I/Users/elestorm/Desktop/lzy/lzycpp/lzycpp/ios-build/CMakeFiles/CMakeTmp/CMAKE_TRY_COMPILE.build/Debug-iphonesimulator/cmTC_d6e61.build/DerivedSources-normal/arm64 -I/Users/elestorm/Desktop/lzy/lzycpp/lzycpp/ios-build/CMakeFiles/CMakeTmp/CMAKE_TRY_COMPILE.build/Debug-iphonesimulator/cmTC_d6e61.build/DerivedSources/arm64 -I/Users/elestorm/Desktop/lzy/lzycpp/lzycpp/ios-build/CMakeFiles/CMakeTmp/CMAKE_TRY_COMPILE.build/Debug-iphonesimulator/cmTC_d6e61.build/DerivedSources -F/Users/elestorm/Desktop/lzy/lzycpp/lzycpp/ios-build/CMakeFiles/CMakeTmp/Debug -MMD -MT dependencies -MF /Users/elestorm/Desktop/lzy/lzycpp/lzycpp/ios-build/CMakeFiles/CMakeTmp/CMAKE_TRY_COMPILE.build/Debug-iphonesimulator/cmTC_d6e61.build/Objects-normal/arm64/CMakeCCompilerABI.d --serialize-diagnostics /Users/elestorm/Desktop/lzy/lzycpp/lzycpp/ios-build/CMakeFiles/CMakeTmp/CMAKE_TRY_COMPILE.build/Debug-iphonesimulator/cmTC_d6e61.build/Objects-normal/arm64/CMakeCCompilerABI.dia -c /Applications/CMake.app/Contents/share/cmake-3.21/Modules/CMakeCCompilerABI.c -o /Users/elestorm/Desktop/lzy/lzycpp/lzycpp/ios-build/CMakeFiles/CMakeTmp/CMAKE_TRY_COMPILE.build/Debug-iphonesimulator/cmTC_d6e61.build/Objects-normal/arm64/CMakeCCompilerABI.o
error: unable to spawn process '/path/to/c_compiler' (No such file or directory) (in target 'cmTC_d6e61' from project 'CMAKE_TRY_COMPILE')
/Users/elestorm/Desktop/lzy/lzycpp/lzycpp/ios-build/CMakeFiles/CMakeTmp/CMAKE_TRY_COMPILE.build/Debug-iphonesimulator/cmTC_d6e61.build/Objects-normal/arm64/CMakeCCompilerABI.dia:1:1: warning: Could not read serialized diagnostics file: error("Failed to open diagnostics file") (in target 'cmTC_d6e61' from project 'CMAKE_TRY_COMPILE')

WriteAuxiliaryFile /Users/elestorm/Desktop/lzy/lzycpp/lzycpp/ios-build/CMakeFiles/CMakeTmp/CMAKE_TRY_COMPILE.build/Debug-iphonesimulator/cmTC_d6e61.build/Objects-normal/x86_64/cmTC_d6e61.LinkFileList (in target 'cmTC_d6e61' from project 'CMAKE_TRY_COMPILE')
    cd /Users/elestorm/Desktop/lzy/lzycpp/lzycpp/ios-build/CMakeFiles/CMakeTmp
    write-file /Users/elestorm/Desktop/lzy/lzycpp/lzycpp/ios-build/CMakeFiles/CMakeTmp/CMAKE_TRY_COMPILE.build/Debug-iphonesimulator/cmTC_d6e61.build/Objects-normal/x86_64/cmTC_d6e61.LinkFileList

WriteAuxiliaryFile /Users/elestorm/Desktop/lzy/lzycpp/lzycpp/ios-build/CMakeFiles/CMakeTmp/CMAKE_TRY_COMPILE.build/Debug-iphonesimulator/cmTC_d6e61.build/Objects-normal/arm64/cmTC_d6e61.LinkFileList (in target 'cmTC_d6e61' from project 'CMAKE_TRY_COMPILE')
    cd /Users/elestorm/Desktop/lzy/lzycpp/lzycpp/ios-build/CMakeFiles/CMakeTmp
    write-file /Users/elestorm/Desktop/lzy/lzycpp/lzycpp/ios-build/CMakeFiles/CMakeTmp/CMAKE_TRY_COMPILE.build/Debug-iphonesimulator/cmTC_d6e61.build/Objects-normal/arm64/cmTC_d6e61.LinkFileList

** BUILD FAILED **


The following build commands failed:
	CompileC /Users/elestorm/Desktop/lzy/lzycpp/lzycpp/ios-build/CMakeFiles/CMakeTmp/CMAKE_TRY_COMPILE.build/Debug-iphonesimulator/cmTC_d6e61.build/Objects-normal/x86_64/CMakeCCompilerABI.o /Applications/CMake.app/Contents/share/cmake-3.21/Modules/CMakeCCompilerABI.c normal x86_64 c com.apple.compilers.llvm.clang.1_0.compiler (in target 'cmTC_d6e61' from project 'CMAKE_TRY_COMPILE')
	CompileC /Users/elestorm/Desktop/lzy/lzycpp/lzycpp/ios-build/CMakeFiles/CMakeTmp/CMAKE_TRY_COMPILE.build/Debug-iphonesimulator/cmTC_d6e61.build/Objects-normal/arm64/CMakeCCompilerABI.o /Applications/CMake.app/Contents/share/cmake-3.21/Modules/CMakeCCompilerABI.c normal arm64 c com.apple.compilers.llvm.clang.1_0.compiler (in target 'cmTC_d6e61' from project 'CMAKE_TRY_COMPILE')
(2 failures)




Determining if the C compiler works failed with the following output:
Change Dir: /Users/elestorm/Desktop/lzy/lzycpp/lzycpp/ios-build/CMakeFiles/CMakeTmp

Run Build Command(s):/usr/bin/xcodebuild -project CMAKE_TRY_COMPILE.xcodeproj build -target cmTC_3716b -parallelizeTargets -configuration Debug -hideShellScriptEnvironment && Command line invocation:
    /Applications/Xcode.app/Contents/Developer/usr/bin/xcodebuild -project CMAKE_TRY_COMPILE.xcodeproj build -target cmTC_3716b -parallelizeTargets -configuration Debug -hideShellScriptEnvironment

User defaults from command line:
    HideShellScriptEnvironment = YES
    IDEPackageSupportUseBuiltinSCM = YES

ComputeTargetDependencyGraph
note: Building targets in dependency order
note: Target dependency graph (1 target)
    Target 'cmTC_3716b' in project 'CMAKE_TRY_COMPILE' (no dependencies)

GatherProvisioningInputs

CreateBuildDescription
Build description signature: 50b58843563d56e11a2026a4627bf720
Build description path: /Users/elestorm/Desktop/lzy/lzycpp/lzycpp/ios-build/CMakeFiles/CMakeTmp/build/XCBuildData/50b58843563d56e11a2026a4627bf720.xcbuilddata

CreateBuildDirectory /Users/elestorm/Desktop/lzy/lzycpp/lzycpp/ios-build/CMakeFiles/CMakeTmp
    cd /Users/elestorm/Desktop/lzy/lzycpp/lzycpp/ios-build/CMakeFiles/CMakeTmp/CMAKE_TRY_COMPILE.xcodeproj
    builtin-create-build-directory /Users/elestorm/Desktop/lzy/lzycpp/lzycpp/ios-build/CMakeFiles/CMakeTmp

CreateBuildDirectory /Users/elestorm/Desktop/lzy/lzycpp/lzycpp/ios-build/CMakeFiles/CMakeTmp/Debug
    cd /Users/elestorm/Desktop/lzy/lzycpp/lzycpp/ios-build/CMakeFiles/CMakeTmp/CMAKE_TRY_COMPILE.xcodeproj
    builtin-create-build-directory /Users/elestorm/Desktop/lzy/lzycpp/lzycpp/ios-build/CMakeFiles/CMakeTmp/Debug

CreateBuildDirectory /Users/elestorm/Desktop/lzy/lzycpp/lzycpp/ios-build/CMakeFiles/CMakeTmp/EagerLinkingTBDs/Debug-iphonesimulator
    cd /Users/elestorm/Desktop/lzy/lzycpp/lzycpp/ios-build/CMakeFiles/CMakeTmp/CMAKE_TRY_COMPILE.xcodeproj
    builtin-create-build-directory /Users/elestorm/Desktop/lzy/lzycpp/lzycpp/ios-build/CMakeFiles/CMakeTmp/EagerLinkingTBDs/Debug-iphonesimulator

warning: ONLY_ACTIVE_ARCH=YES requested with multiple ARCHS and no active architecture could be computed; building for all applicable architectures (in target 'cmTC_3716b' from project 'CMAKE_TRY_COMPILE')
CompileC /Users/elestorm/Desktop/lzy/lzycpp/lzycpp/ios-build/CMakeFiles/CMakeTmp/CMAKE_TRY_COMPILE.build/Debug-iphonesimulator/cmTC_3716b.build/Objects-normal/arm64/testCCompiler.o /Users/elestorm/Desktop/lzy/lzycpp/lzycpp/ios-build/CMakeFiles/CMakeTmp/testCCompiler.c normal arm64 c com.apple.compilers.llvm.clang.1_0.compiler (in target 'cmTC_3716b' from project 'CMAKE_TRY_COMPILE')
    cd /Users/elestorm/Desktop/lzy/lzycpp/lzycpp/ios-build/CMakeFiles/CMakeTmp
    /path/to/c_compiler -x c -target arm64-apple-ios17.2-simulator -fmessage-length\=0 -fdiagnostics-show-note-include-stack -fmacro-backtrace-limit\=0 -fno-color-diagnostics -Wno-trigraphs -fpascal-strings -O0 -Wno-missing-field-initializers -Wno-missing-prototypes -Wno-return-type -Wno-missing-braces -Wparentheses -Wswitch -Wno-unused-function -Wno-unused-label -Wno-unused-parameter -Wno-unused-variable -Wunused-value -Wno-empty-body -Wno-uninitialized -Wno-unknown-pragmas -Wno-shadow -Wno-four-char-constants -Wno-conversion -Wno-constant-conversion -Wno-int-conversion -Wno-bool-conversion -Wno-enum-conversion -Wno-float-conversion -Wno-non-literal-null-conversion -Wno-objc-literal-conversion -Wshorten-64-to-32 -Wpointer-sign -Wno-newline-eof -Wno-implicit-fallthrough -DCMAKE_INTDIR\=\"Debug-iphonesimulator\" -isysroot /Applications/Xcode.app/Contents/Developer/Platforms/iPhoneSimulator.platform/Developer/SDKs/iPhoneSimulator17.2.sdk -fstrict-aliasing -Wdeprecated-declarations -Wno-sign-conversion -Wno-infinite-recursion -Wno-comma -Wno-block-capture-autoreleasing -Wno-strict-prototypes -Wno-semicolon-before-method-body -I/Users/elestorm/Desktop/lzy/lzycpp/lzycpp/ios-build/CMakeFiles/CMakeTmp/Debug/include -I/Users/elestorm/Desktop/lzy/lzycpp/lzycpp/ios-build/CMakeFiles/CMakeTmp/CMAKE_TRY_COMPILE.build/Debug-iphonesimulator/cmTC_3716b.build/DerivedSources-normal/arm64 -I/Users/elestorm/Desktop/lzy/lzycpp/lzycpp/ios-build/CMakeFiles/CMakeTmp/CMAKE_TRY_COMPILE.build/Debug-iphonesimulator/cmTC_3716b.build/DerivedSources/arm64 -I/Users/elestorm/Desktop/lzy/lzycpp/lzycpp/ios-build/CMakeFiles/CMakeTmp/CMAKE_TRY_COMPILE.build/Debug-iphonesimulator/cmTC_3716b.build/DerivedSources -F/Users/elestorm/Desktop/lzy/lzycpp/lzycpp/ios-build/CMakeFiles/CMakeTmp/Debug -MMD -MT dependencies -MF /Users/elestorm/Desktop/lzy/lzycpp/lzycpp/ios-build/CMakeFiles/CMakeTmp/CMAKE_TRY_COMPILE.build/Debug-iphonesimulator/cmTC_3716b.build/Objects-normal/arm64/testCCompiler.d --serialize-diagnostics /Users/elestorm/Desktop/lzy/lzycpp/lzycpp/ios-build/CMakeFiles/CMakeTmp/CMAKE_TRY_COMPILE.build/Debug-iphonesimulator/cmTC_3716b.build/Objects-normal/arm64/testCCompiler.dia -c /Users/elestorm/Desktop/lzy/lzycpp/lzycpp/ios-build/CMakeFiles/CMakeTmp/testCCompiler.c -o /Users/elestorm/Desktop/lzy/lzycpp/lzycpp/ios-build/CMakeFiles/CMakeTmp/CMAKE_TRY_COMPILE.build/Debug-iphonesimulator/cmTC_3716b.build/Objects-normal/arm64/testCCompiler.o
error: unable to spawn process '/path/to/c_compiler' (No such file or directory) (in target 'cmTC_3716b' from project 'CMAKE_TRY_COMPILE')
/Users/elestorm/Desktop/lzy/lzycpp/lzycpp/ios-build/CMakeFiles/CMakeTmp/CMAKE_TRY_COMPILE.build/Debug-iphonesimulator/cmTC_3716b.build/Objects-normal/arm64/testCCompiler.dia:1:1: warning: Could not read serialized diagnostics file: error("Failed to open diagnostics file") (in target 'cmTC_3716b' from project 'CMAKE_TRY_COMPILE')

WriteAuxiliaryFile /Users/elestorm/Desktop/lzy/lzycpp/lzycpp/ios-build/CMakeFiles/CMakeTmp/CMAKE_TRY_COMPILE.build/Debug-iphonesimulator/cmTC_3716b.build/Objects-normal/arm64/cmTC_3716b.LinkFileList (in target 'cmTC_3716b' from project 'CMAKE_TRY_COMPILE')
    cd /Users/elestorm/Desktop/lzy/lzycpp/lzycpp/ios-build/CMakeFiles/CMakeTmp
    write-file /Users/elestorm/Desktop/lzy/lzycpp/lzycpp/ios-build/CMakeFiles/CMakeTmp/CMAKE_TRY_COMPILE.build/Debug-iphonesimulator/cmTC_3716b.build/Objects-normal/arm64/cmTC_3716b.LinkFileList

WriteAuxiliaryFile /Users/elestorm/Desktop/lzy/lzycpp/lzycpp/ios-build/CMakeFiles/CMakeTmp/CMAKE_TRY_COMPILE.build/Debug-iphonesimulator/cmTC_3716b.build/Objects-normal/x86_64/cmTC_3716b.LinkFileList (in target 'cmTC_3716b' from project 'CMAKE_TRY_COMPILE')
    cd /Users/elestorm/Desktop/lzy/lzycpp/lzycpp/ios-build/CMakeFiles/CMakeTmp
    write-file /Users/elestorm/Desktop/lzy/lzycpp/lzycpp/ios-build/CMakeFiles/CMakeTmp/CMAKE_TRY_COMPILE.build/Debug-iphonesimulator/cmTC_3716b.build/Objects-normal/x86_64/cmTC_3716b.LinkFileList

CompileC /Users/elestorm/Desktop/lzy/lzycpp/lzycpp/ios-build/CMakeFiles/CMakeTmp/CMAKE_TRY_COMPILE.build/Debug-iphonesimulator/cmTC_3716b.build/Objects-normal/x86_64/testCCompiler.o /Users/elestorm/Desktop/lzy/lzycpp/lzycpp/ios-build/CMakeFiles/CMakeTmp/testCCompiler.c normal x86_64 c com.apple.compilers.llvm.clang.1_0.compiler (in target 'cmTC_3716b' from project 'CMAKE_TRY_COMPILE')
    cd /Users/elestorm/Desktop/lzy/lzycpp/lzycpp/ios-build/CMakeFiles/CMakeTmp
    /path/to/c_compiler -x c -target x86_64-apple-ios17.2-simulator -fmessage-length\=0 -fdiagnostics-show-note-include-stack -fmacro-backtrace-limit\=0 -fno-color-diagnostics -Wno-trigraphs -fpascal-strings -O0 -Wno-missing-field-initializers -Wno-missing-prototypes -Wno-return-type -Wno-missing-braces -Wparentheses -Wswitch -Wno-unused-function -Wno-unused-label -Wno-unused-parameter -Wno-unused-variable -Wunused-value -Wno-empty-body -Wno-uninitialized -Wno-unknown-pragmas -Wno-shadow -Wno-four-char-constants -Wno-conversion -Wno-constant-conversion -Wno-int-conversion -Wno-bool-conversion -Wno-enum-conversion -Wno-float-conversion -Wno-non-literal-null-conversion -Wno-objc-literal-conversion -Wshorten-64-to-32 -Wpointer-sign -Wno-newline-eof -Wno-implicit-fallthrough -DCMAKE_INTDIR\=\"Debug-iphonesimulator\" -isysroot /Applications/Xcode.app/Contents/Developer/Platforms/iPhoneSimulator.platform/Developer/SDKs/iPhoneSimulator17.2.sdk -fasm-blocks -fstrict-aliasing -Wdeprecated-declarations -Wno-sign-conversion -Wno-infinite-recursion -Wno-comma -Wno-block-capture-autoreleasing -Wno-strict-prototypes -Wno-semicolon-before-method-body -I/Users/elestorm/Desktop/lzy/lzycpp/lzycpp/ios-build/CMakeFiles/CMakeTmp/Debug/include -I/Users/elestorm/Desktop/lzy/lzycpp/lzycpp/ios-build/CMakeFiles/CMakeTmp/CMAKE_TRY_COMPILE.build/Debug-iphonesimulator/cmTC_3716b.build/DerivedSources-normal/x86_64 -I/Users/elestorm/Desktop/lzy/lzycpp/lzycpp/ios-build/CMakeFiles/CMakeTmp/CMAKE_TRY_COMPILE.build/Debug-iphonesimulator/cmTC_3716b.build/DerivedSources/x86_64 -I/Users/elestorm/Desktop/lzy/lzycpp/lzycpp/ios-build/CMakeFiles/CMakeTmp/CMAKE_TRY_COMPILE.build/Debug-iphonesimulator/cmTC_3716b.build/DerivedSources -F/Users/elestorm/Desktop/lzy/lzycpp/lzycpp/ios-build/CMakeFiles/CMakeTmp/Debug -MMD -MT dependencies -MF /Users/elestorm/Desktop/lzy/lzycpp/lzycpp/ios-build/CMakeFiles/CMakeTmp/CMAKE_TRY_COMPILE.build/Debug-iphonesimulator/cmTC_3716b.build/Objects-normal/x86_64/testCCompiler.d --serialize-diagnostics /Users/elestorm/Desktop/lzy/lzycpp/lzycpp/ios-build/CMakeFiles/CMakeTmp/CMAKE_TRY_COMPILE.build/Debug-iphonesimulator/cmTC_3716b.build/Objects-normal/x86_64/testCCompiler.dia -c /Users/elestorm/Desktop/lzy/lzycpp/lzycpp/ios-build/CMakeFiles/CMakeTmp/testCCompiler.c -o /Users/elestorm/Desktop/lzy/lzycpp/lzycpp/ios-build/CMakeFiles/CMakeTmp/CMAKE_TRY_COMPILE.build/Debug-iphonesimulator/cmTC_3716b.build/Objects-normal/x86_64/testCCompiler.o
error: unable to spawn process '/path/to/c_compiler' (No such file or directory) (in target 'cmTC_3716b' from project 'CMAKE_TRY_COMPILE')
/Users/elestorm/Desktop/lzy/lzycpp/lzycpp/ios-build/CMakeFiles/CMakeTmp/CMAKE_TRY_COMPILE.build/Debug-iphonesimulator/cmTC_3716b.build/Objects-normal/x86_64/testCCompiler.dia:1:1: warning: Could not read serialized diagnostics file: error("Failed to open diagnostics file") (in target 'cmTC_3716b' from project 'CMAKE_TRY_COMPILE')

** BUILD FAILED **


The following build commands failed:
	CompileC /Users/elestorm/Desktop/lzy/lzycpp/lzycpp/ios-build/CMakeFiles/CMakeTmp/CMAKE_TRY_COMPILE.build/Debug-iphonesimulator/cmTC_3716b.build/Objects-normal/arm64/testCCompiler.o /Users/elestorm/Desktop/lzy/lzycpp/lzycpp/ios-build/CMakeFiles/CMakeTmp/testCCompiler.c normal arm64 c com.apple.compilers.llvm.clang.1_0.compiler (in target 'cmTC_3716b' from project 'CMAKE_TRY_COMPILE')
	CompileC /Users/elestorm/Desktop/lzy/lzycpp/lzycpp/ios-build/CMakeFiles/CMakeTmp/CMAKE_TRY_COMPILE.build/Debug-iphonesimulator/cmTC_3716b.build/Objects-normal/x86_64/testCCompiler.o /Users/elestorm/Desktop/lzy/lzycpp/lzycpp/ios-build/CMakeFiles/CMakeTmp/testCCompiler.c normal x86_64 c com.apple.compilers.llvm.clang.1_0.compiler (in target 'cmTC_3716b' from project 'CMAKE_TRY_COMPILE')
(2 failures)



Compiling the C compiler identification source file "CMakeCCompilerId.c" failed.
Compiler:  
Build flags: 
Id flags:  

The output was:
65
Command line invocation:
    /Applications/Xcode.app/Contents/Developer/usr/bin/xcodebuild

User defaults from command line:
    IDEPackageSupportUseBuiltinSCM = YES

ComputeTargetDependencyGraph
warning: Building targets in manual order is deprecated - check "Parallelize build for command-line builds" in the project editor, or set DISABLE_MANUAL_TARGET_ORDER_BUILD_WARNING in any of the targets in the current build to suppress this warning
note: Target dependency graph (1 target)
    Target 'CompilerIdC' in project 'CompilerIdC' (no dependencies)

GatherProvisioningInputs

CreateBuildDescription
Build description signature: fca2bbfc8382fce1fa71183b5fad994e
Build description path: /Users/elestorm/Desktop/lzy/lzycpp/lzycpp/ios-build/CMakeFiles/3.21.4/CompilerIdC/./XCBuildData/fca2bbfc8382fce1fa71183b5fad994e.xcbuilddata

warning: ONLY_ACTIVE_ARCH=YES requested with multiple ARCHS and no active architecture could be computed; building for all applicable architectures (in target 'CompilerIdC' from project 'CompilerIdC')
warning: Traditional headermap style is no longer supported; please migrate to using separate headermaps and set 'ALWAYS_SEARCH_USER_PATHS' to NO. (in target 'CompilerIdC' from project 'CompilerIdC')
error: Cannot code sign because the target does not have an Info.plist file and one is not being generated automatically. Apply an Info.plist file to the target using the INFOPLIST_FILE build setting or generate one automatically by setting the GENERATE_INFOPLIST_FILE build setting to YES (recommended). (in target 'CompilerIdC' from project 'CompilerIdC')
warning: Run script build phase 'Run Script' will be run during every build because it does not specify any outputs. To address this warning, either add output dependencies to the script phase, or configure it to run in every build by unchecking "Based on dependency analysis" in the script phase. (in target 'CompilerIdC' from project 'CompilerIdC')
** BUILD FAILED **



Compiling the C compiler identification source file "CMakeCCompilerId.c" failed.
Compiler:  
Build flags: 
Id flags:  

The output was:
65
Command line invocation:
    /Applications/Xcode.app/Contents/Developer/usr/bin/xcodebuild

User defaults from command line:
    IDEPackageSupportUseBuiltinSCM = YES

ComputeTargetDependencyGraph
warning: Building targets in manual order is deprecated - check "Parallelize build for command-line builds" in the project editor, or set DISABLE_MANUAL_TARGET_ORDER_BUILD_WARNING in any of the targets in the current build to suppress this warning
note: Target dependency graph (1 target)
    Target 'CompilerIdC' in project 'CompilerIdC' (no dependencies)

GatherProvisioningInputs

CreateBuildDescription
Build description signature: ea06c46f820a8a0dba4c6dd650106869
Build description path: /Users/elestorm/Desktop/lzy/lzycpp/lzycpp/ios-build/CMakeFiles/3.21.4/CompilerIdC/./XCBuildData/ea06c46f820a8a0dba4c6dd650106869.xcbuilddata

warning: ONLY_ACTIVE_ARCH=YES requested with multiple ARCHS and no active architecture could be computed; building for all applicable architectures (in target 'CompilerIdC' from project 'CompilerIdC')
warning: Traditional headermap style is no longer supported; please migrate to using separate headermaps and set 'ALWAYS_SEARCH_USER_PATHS' to NO. (in target 'CompilerIdC' from project 'CompilerIdC')
error: Cannot code sign because the target does not have an Info.plist file and one is not being generated automatically. Apply an Info.plist file to the target using the INFOPLIST_FILE build setting or generate one automatically by setting the GENERATE_INFOPLIST_FILE build setting to YES (recommended). (in target 'CompilerIdC' from project 'CompilerIdC')
warning: Run script build phase 'Run Script' will be run during every build because it does not specify any outputs. To address this warning, either add output dependencies to the script phase, or configure it to run in every build by unchecking "Based on dependency analysis" in the script phase. (in target 'CompilerIdC' from project 'CompilerIdC')
** BUILD FAILED **



Compiling the CXX compiler identification source file "CMakeCXXCompilerId.cpp" failed.
Compiler:  
Build flags: 
Id flags:  

The output was:
65
Command line invocation:
    /Applications/Xcode.app/Contents/Developer/usr/bin/xcodebuild

User defaults from command line:
    IDEPackageSupportUseBuiltinSCM = YES

ComputeTargetDependencyGraph
warning: Building targets in manual order is deprecated - check "Parallelize build for command-line builds" in the project editor, or set DISABLE_MANUAL_TARGET_ORDER_BUILD_WARNING in any of the targets in the current build to suppress this warning
note: Target dependency graph (1 target)
    Target 'CompilerIdCXX' in project 'CompilerIdCXX' (no dependencies)

GatherProvisioningInputs

CreateBuildDescription
Build description signature: 3b43f20bc622d7dda129044b829c206b
Build description path: /Users/elestorm/Desktop/lzy/lzycpp/lzycpp/ios-build/CMakeFiles/3.21.4/CompilerIdCXX/./XCBuildData/3b43f20bc622d7dda129044b829c206b.xcbuilddata

warning: ONLY_ACTIVE_ARCH=YES requested with multiple ARCHS and no active architecture could be computed; building for all applicable architectures (in target 'CompilerIdCXX' from project 'CompilerIdCXX')
warning: Traditional headermap style is no longer supported; please migrate to using separate headermaps and set 'ALWAYS_SEARCH_USER_PATHS' to NO. (in target 'CompilerIdCXX' from project 'CompilerIdCXX')
error: Cannot code sign because the target does not have an Info.plist file and one is not being generated automatically. Apply an Info.plist file to the target using the INFOPLIST_FILE build setting or generate one automatically by setting the GENERATE_INFOPLIST_FILE build setting to YES (recommended). (in target 'CompilerIdCXX' from project 'CompilerIdCXX')
warning: Run script build phase 'Run Script' will be run during every build because it does not specify any outputs. To address this warning, either add output dependencies to the script phase, or configure it to run in every build by unchecking "Based on dependency analysis" in the script phase. (in target 'CompilerIdCXX' from project 'CompilerIdCXX')
** BUILD FAILED **



Compiling the CXX compiler identification source file "CMakeCXXCompilerId.cpp" failed.
Compiler:  
Build flags: 
Id flags:  

The output was:
65
Command line invocation:
    /Applications/Xcode.app/Contents/Developer/usr/bin/xcodebuild

User defaults from command line:
    IDEPackageSupportUseBuiltinSCM = YES

ComputeTargetDependencyGraph
warning: Building targets in manual order is deprecated - check "Parallelize build for command-line builds" in the project editor, or set DISABLE_MANUAL_TARGET_ORDER_BUILD_WARNING in any of the targets in the current build to suppress this warning
note: Target dependency graph (1 target)
    Target 'CompilerIdCXX' in project 'CompilerIdCXX' (no dependencies)

GatherProvisioningInputs

CreateBuildDescription
Build description signature: 7e3206640f27eae1d68567288908aa10
Build description path: /Users/elestorm/Desktop/lzy/lzycpp/lzycpp/ios-build/CMakeFiles/3.21.4/CompilerIdCXX/./XCBuildData/7e3206640f27eae1d68567288908aa10.xcbuilddata

warning: ONLY_ACTIVE_ARCH=YES requested with multiple ARCHS and no active architecture could be computed; building for all applicable architectures (in target 'CompilerIdCXX' from project 'CompilerIdCXX')
warning: Traditional headermap style is no longer supported; please migrate to using separate headermaps and set 'ALWAYS_SEARCH_USER_PATHS' to NO. (in target 'CompilerIdCXX' from project 'CompilerIdCXX')
error: Cannot code sign because the target does not have an Info.plist file and one is not being generated automatically. Apply an Info.plist file to the target using the INFOPLIST_FILE build setting or generate one automatically by setting the GENERATE_INFOPLIST_FILE build setting to YES (recommended). (in target 'CompilerIdCXX' from project 'CompilerIdCXX')
warning: Run script build phase 'Run Script' will be run during every build because it does not specify any outputs. To address this warning, either add output dependencies to the script phase, or configure it to run in every build by unchecking "Based on dependency analysis" in the script phase. (in target 'CompilerIdCXX' from project 'CompilerIdCXX')
** BUILD FAILED **



Compiling the C compiler identification source file "CMakeCCompilerId.c" failed.
Compiler:  
Build flags: 
Id flags:  

The output was:
65
Command line invocation:
    /Applications/Xcode.app/Contents/Developer/usr/bin/xcodebuild

User defaults from command line:
    IDEPackageSupportUseBuiltinSCM = YES

ComputeTargetDependencyGraph
warning: Building targets in manual order is deprecated - check "Parallelize build for command-line builds" in the project editor, or set DISABLE_MANUAL_TARGET_ORDER_BUILD_WARNING in any of the targets in the current build to suppress this warning
note: Target dependency graph (1 target)
    Target 'CompilerIdC' in project 'CompilerIdC' (no dependencies)

GatherProvisioningInputs

CreateBuildDescription
Build description signature: 23da01e2c12ad9e9f9075688252e8bf3
Build description path: /Users/elestorm/Desktop/lzy/lzycpp/lzycpp/ios-build/CMakeFiles/3.21.4/CompilerIdC/./XCBuildData/23da01e2c12ad9e9f9075688252e8bf3.xcbuilddata

warning: ONLY_ACTIVE_ARCH=YES requested with multiple ARCHS and no active architecture could be computed; building for all applicable architectures (in target 'CompilerIdC' from project 'CompilerIdC')
warning: Traditional headermap style is no longer supported; please migrate to using separate headermaps and set 'ALWAYS_SEARCH_USER_PATHS' to NO. (in target 'CompilerIdC' from project 'CompilerIdC')
error: Cannot code sign because the target does not have an Info.plist file and one is not being generated automatically. Apply an Info.plist file to the target using the INFOPLIST_FILE build setting or generate one automatically by setting the GENERATE_INFOPLIST_FILE build setting to YES (recommended). (in target 'CompilerIdC' from project 'CompilerIdC')
warning: Run script build phase 'Run Script' will be run during every build because it does not specify any outputs. To address this warning, either add output dependencies to the script phase, or configure it to run in every build by unchecking "Based on dependency analysis" in the script phase. (in target 'CompilerIdC' from project 'CompilerIdC')
** BUILD FAILED **



Compiling the C compiler identification source file "CMakeCCompilerId.c" failed.
Compiler:  
Build flags: 
Id flags:  

The output was:
65
Command line invocation:
    /Applications/Xcode.app/Contents/Developer/usr/bin/xcodebuild

User defaults from command line:
    IDEPackageSupportUseBuiltinSCM = YES

ComputeTargetDependencyGraph
warning: Building targets in manual order is deprecated - check "Parallelize build for command-line builds" in the project editor, or set DISABLE_MANUAL_TARGET_ORDER_BUILD_WARNING in any of the targets in the current build to suppress this warning
note: Target dependency graph (1 target)
    Target 'CompilerIdC' in project 'CompilerIdC' (no dependencies)

GatherProvisioningInputs

CreateBuildDescription
Build description signature: 55f8b38f28a2b22ea798d7dd5dc7346c
Build description path: /Users/elestorm/Desktop/lzy/lzycpp/lzycpp/ios-build/CMakeFiles/3.21.4/CompilerIdC/./XCBuildData/55f8b38f28a2b22ea798d7dd5dc7346c.xcbuilddata

warning: ONLY_ACTIVE_ARCH=YES requested with multiple ARCHS and no active architecture could be computed; building for all applicable architectures (in target 'CompilerIdC' from project 'CompilerIdC')
warning: Traditional headermap style is no longer supported; please migrate to using separate headermaps and set 'ALWAYS_SEARCH_USER_PATHS' to NO. (in target 'CompilerIdC' from project 'CompilerIdC')
error: Cannot code sign because the target does not have an Info.plist file and one is not being generated automatically. Apply an Info.plist file to the target using the INFOPLIST_FILE build setting or generate one automatically by setting the GENERATE_INFOPLIST_FILE build setting to YES (recommended). (in target 'CompilerIdC' from project 'CompilerIdC')
warning: Run script build phase 'Run Script' will be run during every build because it does not specify any outputs. To address this warning, either add output dependencies to the script phase, or configure it to run in every build by unchecking "Based on dependency analysis" in the script phase. (in target 'CompilerIdC' from project 'CompilerIdC')
** BUILD FAILED **



Compiling the CXX compiler identification source file "CMakeCXXCompilerId.cpp" failed.
Compiler:  
Build flags: 
Id flags:  

The output was:
65
Command line invocation:
    /Applications/Xcode.app/Contents/Developer/usr/bin/xcodebuild

User defaults from command line:
    IDEPackageSupportUseBuiltinSCM = YES

ComputeTargetDependencyGraph
warning: Building targets in manual order is deprecated - check "Parallelize build for command-line builds" in the project editor, or set DISABLE_MANUAL_TARGET_ORDER_BUILD_WARNING in any of the targets in the current build to suppress this warning
note: Target dependency graph (1 target)
    Target 'CompilerIdCXX' in project 'CompilerIdCXX' (no dependencies)

GatherProvisioningInputs

CreateBuildDescription
Build description signature: 7afeb886087bd17e8f582f550410b69d
Build description path: /Users/elestorm/Desktop/lzy/lzycpp/lzycpp/ios-build/CMakeFiles/3.21.4/CompilerIdCXX/./XCBuildData/7afeb886087bd17e8f582f550410b69d.xcbuilddata

warning: ONLY_ACTIVE_ARCH=YES requested with multiple ARCHS and no active architecture could be computed; building for all applicable architectures (in target 'CompilerIdCXX' from project 'CompilerIdCXX')
warning: Traditional headermap style is no longer supported; please migrate to using separate headermaps and set 'ALWAYS_SEARCH_USER_PATHS' to NO. (in target 'CompilerIdCXX' from project 'CompilerIdCXX')
error: Cannot code sign because the target does not have an Info.plist file and one is not being generated automatically. Apply an Info.plist file to the target using the INFOPLIST_FILE build setting or generate one automatically by setting the GENERATE_INFOPLIST_FILE build setting to YES (recommended). (in target 'CompilerIdCXX' from project 'CompilerIdCXX')
warning: Run script build phase 'Run Script' will be run during every build because it does not specify any outputs. To address this warning, either add output dependencies to the script phase, or configure it to run in every build by unchecking "Based on dependency analysis" in the script phase. (in target 'CompilerIdCXX' from project 'CompilerIdCXX')
** BUILD FAILED **



Compiling the CXX compiler identification source file "CMakeCXXCompilerId.cpp" failed.
Compiler:  
Build flags: 
Id flags:  

The output was:
65
Command line invocation:
    /Applications/Xcode.app/Contents/Developer/usr/bin/xcodebuild

User defaults from command line:
    IDEPackageSupportUseBuiltinSCM = YES

ComputeTargetDependencyGraph
warning: Building targets in manual order is deprecated - check "Parallelize build for command-line builds" in the project editor, or set DISABLE_MANUAL_TARGET_ORDER_BUILD_WARNING in any of the targets in the current build to suppress this warning
note: Target dependency graph (1 target)
    Target 'CompilerIdCXX' in project 'CompilerIdCXX' (no dependencies)

GatherProvisioningInputs

CreateBuildDescription
Build description signature: 76098602a23f3fbf0a2508893c55f7a5
Build description path: /Users/elestorm/Desktop/lzy/lzycpp/lzycpp/ios-build/CMakeFiles/3.21.4/CompilerIdCXX/./XCBuildData/76098602a23f3fbf0a2508893c55f7a5.xcbuilddata

warning: ONLY_ACTIVE_ARCH=YES requested with multiple ARCHS and no active architecture could be computed; building for all applicable architectures (in target 'CompilerIdCXX' from project 'CompilerIdCXX')
warning: Traditional headermap style is no longer supported; please migrate to using separate headermaps and set 'ALWAYS_SEARCH_USER_PATHS' to NO. (in target 'CompilerIdCXX' from project 'CompilerIdCXX')
error: Cannot code sign because the target does not have an Info.plist file and one is not being generated automatically. Apply an Info.plist file to the target using the INFOPLIST_FILE build setting or generate one automatically by setting the GENERATE_INFOPLIST_FILE build setting to YES (recommended). (in target 'CompilerIdCXX' from project 'CompilerIdCXX')
warning: Run script build phase 'Run Script' will be run during every build because it does not specify any outputs. To address this warning, either add output dependencies to the script phase, or configure it to run in every build by unchecking "Based on dependency analysis" in the script phase. (in target 'CompilerIdCXX' from project 'CompilerIdCXX')
** BUILD FAILED **



